2018.08.31 13:55 B C:\Users\BlueWolf\Google Drive\newblue\Cuestionario Inicial\t3\login.php --> www.bluewolf.com.mx /public_html/cuestionario2 login.php
2018.08.31 13:56 B C:\Users\BlueWolf\Google Drive\newblue\Cuestionario Inicial\t3\login.php --> www.bluewolf.com.mx /public_html/cuestionario2 login.php
2018.08.31 13:57 B C:\Users\BlueWolf\Google Drive\newblue\Cuestionario Inicial\t3\login.php --> www.bluewolf.com.mx /public_html/cuestionario2 login.php
2018.08.31 13:57 B C:\Users\BlueWolf\Google Drive\newblue\Cuestionario Inicial\t3\login.php --> www.bluewolf.com.mx /public_html/cuestionario2 login.php
2018.08.31 13:58 B C:\Users\BlueWolf\Google Drive\newblue\Cuestionario Inicial\t3\login.php --> www.bluewolf.com.mx /public_html/cuestionario2 login.php
2018.08.31 14:00 B C:\Users\BlueWolf\Google Drive\newblue\Cuestionario Inicial\t3\login.php --> www.bluewolf.com.mx /public_html/cuestionario2 login.php
2018.08.31 14:00 B C:\Users\BlueWolf\Google Drive\newblue\Cuestionario Inicial\t3\login.php --> www.bluewolf.com.mx /public_html/cuestionario2 login.php
2018.08.31 14:01 B C:\Users\BlueWolf\Google Drive\newblue\Cuestionario Inicial\t3\login.php --> www.bluewolf.com.mx /public_html/cuestionario2 login.php
2018.08.31 14:01 B C:\Users\BlueWolf\Google Drive\newblue\Cuestionario Inicial\t3\login.php --> www.bluewolf.com.mx /public_html/cuestionario2 login.php
2018.08.31 14:01 B C:\Users\BlueWolf\Google Drive\newblue\Cuestionario Inicial\t3\login.php --> www.bluewolf.com.mx /public_html/cuestionario2 login.php
2018.08.31 14:01 B C:\Users\BlueWolf\Google Drive\newblue\Cuestionario Inicial\t3\login.php --> www.bluewolf.com.mx /public_html/cuestionario2 login.php
2018.08.31 14:02 B C:\Users\BlueWolf\Google Drive\newblue\Cuestionario Inicial\t3\login.php --> www.bluewolf.com.mx /public_html/cuestionario2 login.php
2018.08.31 14:02 B C:\Users\BlueWolf\Google Drive\newblue\Cuestionario Inicial\t3\login.php --> www.bluewolf.com.mx /public_html/cuestionario2 login.php
2018.08.31 14:03 B C:\Users\BlueWolf\Google Drive\newblue\Cuestionario Inicial\t3\login.php --> www.bluewolf.com.mx /public_html/cuestionario2 login.php
2018.08.31 14:03 B C:\Users\BlueWolf\Google Drive\newblue\Cuestionario Inicial\t3\login.php --> www.bluewolf.com.mx /public_html/cuestionario2 login.php
2018.08.31 14:03 B C:\Users\BlueWolf\Google Drive\newblue\Cuestionario Inicial\t3\login.php --> www.bluewolf.com.mx /public_html/cuestionario2 login.php
2018.08.31 14:03 B C:\Users\BlueWolf\Google Drive\newblue\Cuestionario Inicial\t3\login.php --> www.bluewolf.com.mx /public_html/cuestionario2 login.php
2018.08.31 14:04 B C:\Users\BlueWolf\Google Drive\newblue\Cuestionario Inicial\t3\login.php --> www.bluewolf.com.mx /public_html/cuestionario2 login.php
2018.08.31 14:04 B C:\Users\BlueWolf\Google Drive\newblue\Cuestionario Inicial\t3\login.php --> www.bluewolf.com.mx /public_html/cuestionario2 login.php
2018.08.31 14:04 B C:\Users\BlueWolf\Google Drive\newblue\Cuestionario Inicial\t3\login.php --> www.bluewolf.com.mx /public_html/cuestionario2 login.php
2018.08.31 14:04 B C:\Users\BlueWolf\Google Drive\newblue\Cuestionario Inicial\t3\login.php --> www.bluewolf.com.mx /public_html/cuestionario2 login.php
2018.08.31 14:05 B C:\Users\BlueWolf\Google Drive\newblue\Cuestionario Inicial\t3\login.php --> www.bluewolf.com.mx /public_html/cuestionario2 login.php
2018.08.31 14:06 B C:\Users\BlueWolf\Google Drive\newblue\Cuestionario Inicial\t3\login.php --> www.bluewolf.com.mx /public_html/cuestionario2 login.php
2018.08.31 14:06 B C:\Users\BlueWolf\Google Drive\newblue\Cuestionario Inicial\t3\login.php --> www.bluewolf.com.mx /public_html/cuestionario2 login.php
2018.08.31 14:06 B C:\Users\BlueWolf\Google Drive\newblue\Cuestionario Inicial\t3\login.php --> www.bluewolf.com.mx /public_html/cuestionario2 login.php
2018.08.31 14:07 B C:\Users\BlueWolf\Google Drive\newblue\Cuestionario Inicial\t3\coneccion.php --> www.bluewolf.com.mx /public_html/cuestionario2 coneccion.php
2018.08.31 14:07 B C:\Users\BlueWolf\Google Drive\newblue\Cuestionario Inicial\t3\checar_sesion.php --> www.bluewolf.com.mx /public_html/cuestionario2 checar_sesion.php
2018.08.31 14:07 B C:\Users\BlueWolf\Google Drive\newblue\Cuestionario Inicial\t3\logout.php --> www.bluewolf.com.mx /public_html/cuestionario2 logout.php
2018.08.31 14:08 B C:\Users\BlueWolf\Google Drive\newblue\Cuestionario Inicial\t3\login.php --> www.bluewolf.com.mx /public_html/cuestionario2 login.php
2018.08.31 14:08 B C:\Users\BlueWolf\Google Drive\newblue\Cuestionario Inicial\t3\logout.php --> www.bluewolf.com.mx /public_html/cuestionario2 logout.php
2018.08.31 14:12 B C:\Users\BlueWolf\Google Drive\newblue\Cuestionario Inicial\t3\menu.php --> www.bluewolf.com.mx /public_html/cuestionario2 menu.php
2018.08.31 14:12 B C:\Users\BlueWolf\Google Drive\newblue\Cuestionario Inicial\t3\menu.php --> www.bluewolf.com.mx /public_html/cuestionario2 menu.php
2018.08.31 14:13 B C:\Users\BlueWolf\Google Drive\newblue\Cuestionario Inicial\t3\menu.php --> www.bluewolf.com.mx /public_html/cuestionario2 menu.php
2018.08.31 14:17 B C:\Users\BlueWolf\Google Drive\newblue\Cuestionario Inicial\t3\menu.php --> www.bluewolf.com.mx /public_html/cuestionario2 menu.php
2018.08.31 14:18 B C:\Users\BlueWolf\Google Drive\newblue\Cuestionario Inicial\t3\menu.php --> www.bluewolf.com.mx /public_html/cuestionario2 menu.php
2018.08.31 14:18 B C:\Users\BlueWolf\Google Drive\newblue\Cuestionario Inicial\t3\menu.php --> www.bluewolf.com.mx /public_html/cuestionario2 menu.php
2018.08.31 14:19 B C:\Users\BlueWolf\Google Drive\newblue\Cuestionario Inicial\t3\menu.php --> www.bluewolf.com.mx /public_html/cuestionario2 menu.php
2018.08.31 14:21 B C:\Users\BlueWolf\Google Drive\newblue\Cuestionario Inicial\t3\menu.php --> www.bluewolf.com.mx /public_html/cuestionario2 menu.php
2018.08.31 14:21 B C:\Users\BlueWolf\Google Drive\newblue\Cuestionario Inicial\t3\menu.php --> www.bluewolf.com.mx /public_html/cuestionario2 menu.php
2018.08.31 14:22 B C:\Users\BlueWolf\Google Drive\newblue\Cuestionario Inicial\t3\menu.php --> www.bluewolf.com.mx /public_html/cuestionario2 menu.php
2018.08.31 14:22 B C:\Users\BlueWolf\Google Drive\newblue\Cuestionario Inicial\t3\login.php --> www.bluewolf.com.mx /public_html/cuestionario2 login.php
2018.08.31 14:23 B C:\Users\BlueWolf\Google Drive\newblue\Cuestionario Inicial\t3\menu.php --> www.bluewolf.com.mx /public_html/cuestionario2 menu.php
2018.08.31 14:26 B C:\Users\BlueWolf\Google Drive\newblue\Cuestionario Inicial\t3\menu.php --> www.bluewolf.com.mx /public_html/cuestionario2 menu.php
2018.08.31 14:26 B C:\Users\BlueWolf\Google Drive\newblue\Cuestionario Inicial\t3\menu.php --> www.bluewolf.com.mx /public_html/cuestionario2 menu.php
2018.08.31 14:31 B C:\Users\BlueWolf\Google Drive\newblue\Cuestionario Inicial\t3\encuesta.php --> www.bluewolf.com.mx /public_html/cuestionario2 encuesta.php
2018.08.31 14:32 B C:\Users\BlueWolf\Google Drive\newblue\Cuestionario Inicial\t3\encuesta.php --> www.bluewolf.com.mx /public_html/cuestionario2 encuesta.php
2018.08.31 14:32 B C:\Users\BlueWolf\Google Drive\newblue\Cuestionario Inicial\t3\encuesta.php --> www.bluewolf.com.mx /public_html/cuestionario2 encuesta.php
2018.08.31 14:33 B C:\Users\BlueWolf\Google Drive\newblue\Cuestionario Inicial\t3\encuesta.php --> www.bluewolf.com.mx /public_html/cuestionario2 encuesta.php
2018.08.31 14:34 B C:\Users\BlueWolf\Google Drive\newblue\Cuestionario Inicial\t3\encuesta.php --> www.bluewolf.com.mx /public_html/cuestionario2 encuesta.php
2018.08.31 14:34 B C:\Users\BlueWolf\Google Drive\newblue\Cuestionario Inicial\t3\encuesta.php --> www.bluewolf.com.mx /public_html/cuestionario2 encuesta.php
2018.08.31 14:35 B C:\Users\BlueWolf\Google Drive\newblue\Cuestionario Inicial\t3\encuesta.php --> www.bluewolf.com.mx /public_html/cuestionario2 encuesta.php
2018.08.31 14:35 B C:\Users\BlueWolf\Google Drive\newblue\Cuestionario Inicial\t3\encuesta.php --> www.bluewolf.com.mx /public_html/cuestionario2 encuesta.php
2018.08.31 14:36 B C:\Users\BlueWolf\Google Drive\newblue\Cuestionario Inicial\t3\encuesta.php --> www.bluewolf.com.mx /public_html/cuestionario2 encuesta.php
2018.08.31 14:37 B C:\Users\BlueWolf\Google Drive\newblue\Cuestionario Inicial\t3\encuesta.php --> www.bluewolf.com.mx /public_html/cuestionario2 encuesta.php
2018.08.31 14:37 B C:\Users\BlueWolf\Google Drive\newblue\Cuestionario Inicial\t3\encuesta.php --> www.bluewolf.com.mx /public_html/cuestionario2 encuesta.php
2018.08.31 14:37 B C:\Users\BlueWolf\Google Drive\newblue\Cuestionario Inicial\t3\encuesta.php --> www.bluewolf.com.mx /public_html/cuestionario2 encuesta.php
2018.08.31 14:37 B C:\Users\BlueWolf\Google Drive\newblue\Cuestionario Inicial\t3\encuesta.php --> www.bluewolf.com.mx /public_html/cuestionario2 encuesta.php
2018.08.31 14:37 B C:\Users\BlueWolf\Google Drive\newblue\Cuestionario Inicial\t3\encuesta.php --> www.bluewolf.com.mx /public_html/cuestionario2 encuesta.php
2018.08.31 14:38 B C:\Users\BlueWolf\Google Drive\newblue\Cuestionario Inicial\t3\encuesta.php --> www.bluewolf.com.mx /public_html/cuestionario2 encuesta.php
2018.08.31 14:38 B C:\Users\BlueWolf\Google Drive\newblue\Cuestionario Inicial\t3\encuesta.php --> www.bluewolf.com.mx /public_html/cuestionario2 encuesta.php
2018.08.31 14:38 B C:\Users\BlueWolf\Google Drive\newblue\Cuestionario Inicial\t3\encuesta.php --> www.bluewolf.com.mx /public_html/cuestionario2 encuesta.php
2018.08.31 14:38 B C:\Users\BlueWolf\Google Drive\newblue\Cuestionario Inicial\t3\encuesta.php --> www.bluewolf.com.mx /public_html/cuestionario2 encuesta.php
2018.08.31 14:39 B C:\Users\BlueWolf\Google Drive\newblue\Cuestionario Inicial\t3\encuesta.php --> www.bluewolf.com.mx /public_html/cuestionario2 encuesta.php
2018.08.31 14:40 B C:\Users\BlueWolf\Google Drive\newblue\Cuestionario Inicial\t3\encuesta.php --> www.bluewolf.com.mx /public_html/cuestionario2 encuesta.php
2018.08.31 14:41 B C:\Users\BlueWolf\Google Drive\newblue\Cuestionario Inicial\t3\encuesta.php --> www.bluewolf.com.mx /public_html/cuestionario2 encuesta.php
2018.08.31 14:41 B C:\Users\BlueWolf\Google Drive\newblue\Cuestionario Inicial\t3\encuesta.php --> www.bluewolf.com.mx /public_html/cuestionario2 encuesta.php
2018.08.31 14:42 B C:\Users\BlueWolf\Google Drive\newblue\Cuestionario Inicial\t3\encuesta.php --> www.bluewolf.com.mx /public_html/cuestionario2 encuesta.php
2018.08.31 14:43 B C:\Users\BlueWolf\Google Drive\newblue\Cuestionario Inicial\t3\encuesta.php --> www.bluewolf.com.mx /public_html/cuestionario2 encuesta.php
2018.08.31 14:43 B C:\Users\BlueWolf\Google Drive\newblue\Cuestionario Inicial\t3\encuesta.php --> www.bluewolf.com.mx /public_html/cuestionario2 encuesta.php
2018.08.31 14:45 B C:\Users\BlueWolf\Google Drive\newblue\Cuestionario Inicial\t3\encuesta.php --> www.bluewolf.com.mx /public_html/cuestionario2 encuesta.php
2018.08.31 14:45 B C:\Users\BlueWolf\Google Drive\newblue\Cuestionario Inicial\t3\encuesta.php --> www.bluewolf.com.mx /public_html/cuestionario2 encuesta.php
2018.08.31 14:47 B C:\Users\BlueWolf\Google Drive\newblue\Cuestionario Inicial\t3\encuesta.php --> www.bluewolf.com.mx /public_html/cuestionario2 encuesta.php
2018.08.31 14:47 B C:\Users\BlueWolf\Google Drive\newblue\Cuestionario Inicial\t3\encuesta.php --> www.bluewolf.com.mx /public_html/cuestionario2 encuesta.php
2018.08.31 14:48 B C:\Users\BlueWolf\Google Drive\newblue\Cuestionario Inicial\t3\encuesta.php --> www.bluewolf.com.mx /public_html/cuestionario2 encuesta.php
2018.08.31 14:48 B C:\Users\BlueWolf\Google Drive\newblue\Cuestionario Inicial\t3\encuesta.php --> www.bluewolf.com.mx /public_html/cuestionario2 encuesta.php
2018.08.31 14:48 B C:\Users\BlueWolf\Google Drive\newblue\Cuestionario Inicial\t3\encuesta.php --> www.bluewolf.com.mx /public_html/cuestionario2 encuesta.php
2018.08.31 14:49 B C:\Users\BlueWolf\Google Drive\newblue\Cuestionario Inicial\t3\encuesta.php --> www.bluewolf.com.mx /public_html/cuestionario2 encuesta.php
2018.08.31 14:50 B C:\Users\BlueWolf\Google Drive\newblue\Cuestionario Inicial\t3\encuesta.php --> www.bluewolf.com.mx /public_html/cuestionario2 encuesta.php
2018.08.31 14:51 B C:\Users\BlueWolf\Google Drive\newblue\Cuestionario Inicial\t3\encuesta.php --> www.bluewolf.com.mx /public_html/cuestionario2 encuesta.php
2018.08.31 14:52 B C:\Users\BlueWolf\Google Drive\newblue\Cuestionario Inicial\t3\encuesta.php --> www.bluewolf.com.mx /public_html/cuestionario2 encuesta.php
2018.08.31 14:52 B C:\Users\BlueWolf\Google Drive\newblue\Cuestionario Inicial\t3\encuesta.php --> www.bluewolf.com.mx /public_html/cuestionario2 encuesta.php
2018.08.31 14:53 B C:\Users\BlueWolf\Google Drive\newblue\Cuestionario Inicial\t3\encuesta.php --> www.bluewolf.com.mx /public_html/cuestionario2 encuesta.php
2018.08.31 14:53 B C:\Users\BlueWolf\Google Drive\newblue\Cuestionario Inicial\t3\encuesta.php --> www.bluewolf.com.mx /public_html/cuestionario2 encuesta.php
2018.08.31 14:54 B C:\Users\BlueWolf\Google Drive\newblue\Cuestionario Inicial\t3\encuesta.php --> www.bluewolf.com.mx /public_html/cuestionario2 encuesta.php
2018.08.31 14:54 B C:\Users\BlueWolf\Google Drive\newblue\Cuestionario Inicial\t3\encuesta.php --> www.bluewolf.com.mx /public_html/cuestionario2 encuesta.php
2018.08.31 14:54 B C:\Users\BlueWolf\Google Drive\newblue\Cuestionario Inicial\t3\encuesta.php --> www.bluewolf.com.mx /public_html/cuestionario2 encuesta.php
2018.08.31 14:55 B C:\Users\BlueWolf\Google Drive\newblue\Cuestionario Inicial\t3\encuesta.php --> www.bluewolf.com.mx /public_html/cuestionario2 encuesta.php
2018.08.31 14:55 B C:\Users\BlueWolf\Google Drive\newblue\Cuestionario Inicial\t3\encuesta.php --> www.bluewolf.com.mx /public_html/cuestionario2 encuesta.php
2018.08.31 14:56 B C:\Users\BlueWolf\Google Drive\newblue\Cuestionario Inicial\t3\encuesta.php --> www.bluewolf.com.mx /public_html/cuestionario2 encuesta.php
2018.08.31 14:56 B C:\Users\BlueWolf\Google Drive\newblue\Cuestionario Inicial\t3\encuesta.php --> www.bluewolf.com.mx /public_html/cuestionario2 encuesta.php
2018.08.31 14:56 B C:\Users\BlueWolf\Google Drive\newblue\Cuestionario Inicial\t3\encuesta.php --> www.bluewolf.com.mx /public_html/cuestionario2 encuesta.php
2018.08.31 14:56 B C:\Users\BlueWolf\Google Drive\newblue\Cuestionario Inicial\t3\encuesta.php --> www.bluewolf.com.mx /public_html/cuestionario2 encuesta.php
2018.08.31 14:58 B C:\Users\BlueWolf\Google Drive\newblue\Cuestionario Inicial\t3\encuesta.php --> www.bluewolf.com.mx /public_html/cuestionario2 encuesta.php
2018.08.31 14:58 B C:\Users\BlueWolf\Google Drive\newblue\Cuestionario Inicial\t3\encuesta.php --> www.bluewolf.com.mx /public_html/cuestionario2 encuesta.php
2018.08.31 14:58 B C:\Users\BlueWolf\Google Drive\newblue\Cuestionario Inicial\t3\WS_FTP.LOG --> www.bluewolf.com.mx /public_html/cuestionario2 WS_FTP.LOG
2018.08.31 14:58 B C:\Users\BlueWolf\Google Drive\newblue\Cuestionario Inicial\t3\encuesta.php --> www.bluewolf.com.mx /public_html/cuestionario2 encuesta.php
2018.08.31 15:12 B C:\Users\BlueWolf\Google Drive\newblue\Cuestionario Inicial\t3\fin.php --> www.bluewolf.com.mx /public_html/cuestionario2 fin.php
2018.08.31 15:12 B C:\Users\BlueWolf\Google Drive\newblue\Cuestionario Inicial\t3\fin.php --> www.bluewolf.com.mx /public_html/cuestionario2 fin.php
2018.08.31 16:25 B C:\Users\BlueWolf\Google Drive\newblue\Cuestionario Inicial\t3\encuesta.php --> www.bluewolf.com.mx /public_html/cuestionario2 encuesta.php
2018.08.31 16:25 B C:\Users\BlueWolf\Google Drive\newblue\Cuestionario Inicial\t3\encuesta.php --> www.bluewolf.com.mx /public_html/cuestionario2 encuesta.php
2018.08.31 16:26 B C:\Users\BlueWolf\Google Drive\newblue\Cuestionario Inicial\t3\encuesta.php --> www.bluewolf.com.mx /public_html/cuestionario2 encuesta.php
2018.08.31 16:27 B C:\Users\BlueWolf\Google Drive\newblue\Cuestionario Inicial\t3\encuesta.php --> www.bluewolf.com.mx /public_html/cuestionario2 encuesta.php
2018.08.31 16:28 B C:\Users\BlueWolf\Google Drive\newblue\Cuestionario Inicial\t3\menu.php --> www.bluewolf.com.mx /public_html/cuestionario2 menu.php
2018.08.31 16:28 B C:\Users\BlueWolf\Google Drive\newblue\Cuestionario Inicial\t3\login.php --> www.bluewolf.com.mx /public_html/cuestionario2 login.php
2018.08.31 16:28 B C:\Users\BlueWolf\Google Drive\newblue\Cuestionario Inicial\t3\fin.php --> www.bluewolf.com.mx /public_html/cuestionario2 fin.php
2018.08.31 16:28 B C:\Users\BlueWolf\Google Drive\newblue\Cuestionario Inicial\t3\encuesta.php --> www.bluewolf.com.mx /public_html/cuestionario2 encuesta.php
2018.08.31 16:28 B C:\Users\BlueWolf\Google Drive\newblue\Cuestionario Inicial\t3\login.php --> www.bluewolf.com.mx /public_html/cuestionario2 login.php
2018.08.31 16:29 B C:\Users\BlueWolf\Google Drive\newblue\Cuestionario Inicial\t3\login.php --> www.bluewolf.com.mx /public_html/cuestionario2 login.php
2018.08.31 16:29 B C:\Users\BlueWolf\Google Drive\newblue\Cuestionario Inicial\t3\login.php --> www.bluewolf.com.mx /public_html/cuestionario2 login.php
2018.08.31 16:30 B C:\Users\BlueWolf\Google Drive\newblue\Cuestionario Inicial\t3\menu.php --> www.bluewolf.com.mx /public_html/cuestionario2 menu.php
2018.08.31 16:30 B C:\Users\BlueWolf\Google Drive\newblue\Cuestionario Inicial\t3\login.php --> www.bluewolf.com.mx /public_html/cuestionario2 login.php
2018.08.31 16:30 B C:\Users\BlueWolf\Google Drive\newblue\Cuestionario Inicial\t3\fin.php --> www.bluewolf.com.mx /public_html/cuestionario2 fin.php
2018.08.31 16:30 B C:\Users\BlueWolf\Google Drive\newblue\Cuestionario Inicial\t3\encuesta.php --> www.bluewolf.com.mx /public_html/cuestionario2 encuesta.php
2018.08.31 16:30 B C:\Users\BlueWolf\Google Drive\newblue\Cuestionario Inicial\t3\menu.php --> www.bluewolf.com.mx /public_html/cuestionario2 menu.php
2018.08.31 16:31 B C:\Users\BlueWolf\Google Drive\newblue\Cuestionario Inicial\t3\fin.php --> www.bluewolf.com.mx /public_html/cuestionario2 fin.php
2018.08.31 16:33 B C:\Users\BlueWolf\Google Drive\newblue\Cuestionario Inicial\t3\login.php --> www.bluewolf.com.mx /public_html/cuestionario2 login.php
2018.08.31 16:33 B C:\Users\BlueWolf\Google Drive\newblue\Cuestionario Inicial\t3\login.php --> www.bluewolf.com.mx /public_html/cuestionario2 login.php
2018.08.31 16:33 B C:\Users\BlueWolf\Google Drive\newblue\Cuestionario Inicial\t3\login.php --> www.bluewolf.com.mx /public_html/cuestionario2 login.php
2018.08.31 16:34 B C:\Users\BlueWolf\Google Drive\newblue\Cuestionario Inicial\t3\login.php --> www.bluewolf.com.mx /public_html/cuestionario2 login.php
2018.08.31 16:34 B C:\Users\BlueWolf\Google Drive\newblue\Cuestionario Inicial\t3\login.php --> www.bluewolf.com.mx /public_html/cuestionario2 login.php
2018.08.31 16:34 B C:\Users\BlueWolf\Google Drive\newblue\Cuestionario Inicial\t3\login.php --> www.bluewolf.com.mx /public_html/cuestionario2 login.php
2018.08.31 16:35 B C:\Users\BlueWolf\Google Drive\newblue\Cuestionario Inicial\t3\login.php --> www.bluewolf.com.mx /public_html/cuestionario2 login.php
2018.08.31 16:36 B C:\Users\BlueWolf\Google Drive\newblue\Cuestionario Inicial\t3\login.php --> www.bluewolf.com.mx /public_html/cuestionario2 login.php
2018.08.31 16:37 B C:\Users\BlueWolf\Google Drive\newblue\Cuestionario Inicial\t3\login.php --> www.bluewolf.com.mx /public_html/cuestionario2 login.php
2018.08.31 16:37 B C:\Users\BlueWolf\Google Drive\newblue\Cuestionario Inicial\t3\login.php --> www.bluewolf.com.mx /public_html/cuestionario2 login.php
2018.08.31 16:37 B C:\Users\BlueWolf\Google Drive\newblue\Cuestionario Inicial\t3\login.php --> www.bluewolf.com.mx /public_html/cuestionario2 login.php
2018.08.31 16:37 B C:\Users\BlueWolf\Google Drive\newblue\Cuestionario Inicial\t3\login.php --> www.bluewolf.com.mx /public_html/cuestionario2 login.php
2018.08.31 16:38 B C:\Users\BlueWolf\Google Drive\newblue\Cuestionario Inicial\t3\login.php --> www.bluewolf.com.mx /public_html/cuestionario2 login.php
2018.08.31 16:39 B C:\Users\BlueWolf\Google Drive\newblue\Cuestionario Inicial\t3\encuesta.php --> www.bluewolf.com.mx /public_html/cuestionario2 encuesta.php
2018.08.31 16:40 B C:\Users\BlueWolf\Google Drive\newblue\Cuestionario Inicial\t3\encuesta.php --> www.bluewolf.com.mx /public_html/cuestionario2 encuesta.php
2018.08.31 16:41 B C:\Users\BlueWolf\Google Drive\newblue\Cuestionario Inicial\t3\encuesta.php --> www.bluewolf.com.mx /public_html/cuestionario2 encuesta.php
2018.08.31 16:41 B C:\Users\BlueWolf\Google Drive\newblue\Cuestionario Inicial\t3\encuesta.php --> www.bluewolf.com.mx /public_html/cuestionario2 encuesta.php
2018.08.31 16:41 B C:\Users\BlueWolf\Google Drive\newblue\Cuestionario Inicial\t3\encuesta.php --> www.bluewolf.com.mx /public_html/cuestionario2 encuesta.php
2018.08.31 16:42 B C:\Users\BlueWolf\Google Drive\newblue\Cuestionario Inicial\t3\encuesta.php --> www.bluewolf.com.mx /public_html/cuestionario2 encuesta.php
2018.08.31 16:43 B C:\Users\BlueWolf\Google Drive\newblue\Cuestionario Inicial\t3\encuesta.php --> www.bluewolf.com.mx /public_html/cuestionario2 encuesta.php
2018.08.31 16:44 B C:\Users\BlueWolf\Google Drive\newblue\Cuestionario Inicial\t3\encuesta.php --> www.bluewolf.com.mx /public_html/cuestionario2 encuesta.php
2018.08.31 16:44 B C:\Users\BlueWolf\Google Drive\newblue\Cuestionario Inicial\t3\encuesta.php --> www.bluewolf.com.mx /public_html/cuestionario2 encuesta.php
2018.08.31 16:52 B C:\Users\BlueWolf\Google Drive\newblue\Cuestionario Inicial\t3\encuesta.php --> www.bluewolf.com.mx /public_html/cuestionario2 encuesta.php
2018.08.31 16:53 B C:\Users\BlueWolf\Google Drive\newblue\Cuestionario Inicial\t3\encuesta.php --> www.bluewolf.com.mx /public_html/cuestionario2 encuesta.php
2018.08.31 16:53 B C:\Users\BlueWolf\Google Drive\newblue\Cuestionario Inicial\t3\encuesta.php --> www.bluewolf.com.mx /public_html/cuestionario2 encuesta.php
2018.08.31 16:54 B C:\Users\BlueWolf\Google Drive\newblue\Cuestionario Inicial\t3\encuesta.php --> www.bluewolf.com.mx /public_html/cuestionario2 encuesta.php
2018.08.31 16:54 B C:\Users\BlueWolf\Google Drive\newblue\Cuestionario Inicial\t3\encuesta.php --> www.bluewolf.com.mx /public_html/cuestionario2 encuesta.php
2018.08.31 17:00 B C:\Users\BlueWolf\Google Drive\newblue\Cuestionario Inicial\t3\index.php --> www.bluewolf.com.mx /public_html/cuestionario2 index.php
2018.08.31 17:02 B C:\Users\BlueWolf\Google Drive\newblue\Cuestionario Inicial\t3\index.php --> www.bluewolf.com.mx /public_html/cuestionario2 index.php
2018.09.03 09:32 B C:\Users\BlueWolf\Google Drive\newblue\Cuestionario Inicial\t3\index.php --> www.bluewolf.com.mx /public_html/cuestionario2 index.php
2018.09.03 09:33 B C:\Users\BlueWolf\Google Drive\newblue\Cuestionario Inicial\t3\registro.php --> www.bluewolf.com.mx /public_html/cuestionario2 registro.php
2018.09.03 09:34 B C:\Users\BlueWolf\Google Drive\newblue\Cuestionario Inicial\t3\registro.php --> www.bluewolf.com.mx /public_html/cuestionario2 registro.php
2018.09.03 09:34 B C:\Users\BlueWolf\Google Drive\newblue\Cuestionario Inicial\t3\registro.php --> www.bluewolf.com.mx /public_html/cuestionario2 registro.php
2018.09.03 09:56 B C:\Users\BlueWolf\Google Drive\newblue\Cuestionario Inicial\t3\registro.php --> www.bluewolf.com.mx /public_html/cuestionario2 registro.php
2018.09.03 09:56 B C:\Users\BlueWolf\Google Drive\newblue\Cuestionario Inicial\t3\index.php --> www.bluewolf.com.mx /public_html/cuestionario2 index.php
2018.09.03 10:09 B C:\Users\BlueWolf\Google Drive\newblue\Cuestionario Inicial\t3\login.php --> www.bluewolf.com.mx /public_html/cuestionario2 login.php
2018.09.03 10:12 B C:\Users\BlueWolf\Google Drive\newblue\Cuestionario Inicial\t3\login.php --> www.bluewolf.com.mx /public_html/cuestionario2 login.php
2018.09.03 10:12 B C:\Users\BlueWolf\Google Drive\newblue\Cuestionario Inicial\t3\login.php --> www.bluewolf.com.mx /public_html/cuestionario2 login.php
2018.09.03 10:13 B C:\Users\BlueWolf\Google Drive\newblue\Cuestionario Inicial\t3\registro.php --> www.bluewolf.com.mx /public_html/cuestionario2 registro.php
2018.09.03 10:13 B C:\Users\BlueWolf\Google Drive\newblue\Cuestionario Inicial\t3\login.php --> www.bluewolf.com.mx /public_html/cuestionario2 login.php
2018.09.03 10:13 B C:\Users\BlueWolf\Google Drive\newblue\Cuestionario Inicial\t3\fin.php --> www.bluewolf.com.mx /public_html/cuestionario2 fin.php
2018.09.03 10:29 B C:\Users\BlueWolf\Google Drive\newblue\Cuestionario Inicial\t3\menu.php --> www.bluewolf.com.mx /public_html/cuestionario2 menu.php
2018.09.03 10:29 B C:\Users\BlueWolf\Google Drive\newblue\Cuestionario Inicial\t3\menu.php --> www.bluewolf.com.mx /public_html/cuestionario2 menu.php
2018.09.03 10:34 B C:\Users\BlueWolf\Google Drive\newblue\Cuestionario Inicial\t3\index.php --> www.bluewolf.com.mx /public_html/cuestionario2 index.php
2018.09.03 10:34 B C:\Users\BlueWolf\Google Drive\newblue\Cuestionario Inicial\t3\encuesta.php --> www.bluewolf.com.mx /public_html/cuestionario2 encuesta.php
2018.09.03 10:34 B C:\Users\BlueWolf\Google Drive\newblue\Cuestionario Inicial\t3\registro.php --> www.bluewolf.com.mx /public_html/cuestionario2 registro.php
2018.09.03 10:34 B C:\Users\BlueWolf\Google Drive\newblue\Cuestionario Inicial\t3\login.php --> www.bluewolf.com.mx /public_html/cuestionario2 login.php
2018.09.03 10:34 B C:\Users\BlueWolf\Google Drive\newblue\Cuestionario Inicial\t3\menu.php --> www.bluewolf.com.mx /public_html/cuestionario2 menu.php
2018.09.03 10:34 B C:\Users\BlueWolf\Google Drive\newblue\Cuestionario Inicial\t3\fin.php --> www.bluewolf.com.mx /public_html/cuestionario2 fin.php
2018.09.03 10:34 B C:\Users\BlueWolf\Google Drive\newblue\Cuestionario Inicial\t3\error_log <-- bluewolf BLUEHOST /public_html/cuestionario2 error_log
2018.09.03 10:35 B C:\Users\BlueWolf\Google Drive\newblue\Cuestionario Inicial\t3\checar_sesion.php --> www.bluewolf.com.mx /public_html/cuestionario2 checar_sesion.php
2018.09.03 10:35 B C:\Users\BlueWolf\Google Drive\newblue\Cuestionario Inicial\t3\error_log <-- bluewolf BLUEHOST /public_html/cuestionario2 error_log
2018.09.03 10:38 B C:\Users\BlueWolf\Google Drive\newblue\Cuestionario Inicial\t3\encuesta.php --> www.bluewolf.com.mx /public_html/cuestionario2 encuesta.php
2018.09.03 10:39 B C:\Users\BlueWolf\Google Drive\newblue\Cuestionario Inicial\t3\encuesta.php --> www.bluewolf.com.mx /public_html/cuestionario2 encuesta.php
2018.09.03 10:39 B C:\Users\BlueWolf\Google Drive\newblue\Cuestionario Inicial\t3\encuesta.php --> www.bluewolf.com.mx /public_html/cuestionario2 encuesta.php
2018.09.03 10:41 B C:\Users\BlueWolf\Google Drive\newblue\Cuestionario Inicial\t3\encuesta.php --> www.bluewolf.com.mx /public_html/cuestionario2 encuesta.php
2018.09.03 10:44 B C:\Users\BlueWolf\Google Drive\newblue\Cuestionario Inicial\t3\encuesta.php --> www.bluewolf.com.mx /public_html/cuestionario2 encuesta.php
2018.09.03 10:48 B C:\Users\BlueWolf\Google Drive\newblue\Cuestionario Inicial\t3\encuesta.php --> www.bluewolf.com.mx /public_html/cuestionario2 encuesta.php
2018.09.03 10:50 B C:\Users\BlueWolf\Google Drive\newblue\Cuestionario Inicial\t3\encuesta.php --> www.bluewolf.com.mx /public_html/cuestionario2 encuesta.php
2018.09.03 11:03 B C:\Users\BlueWolf\Google Drive\newblue\Cuestionario Inicial\t3\encuesta.php --> www.bluewolf.com.mx /public_html/cuestionario2 encuesta.php
2018.09.03 11:05 B C:\Users\BlueWolf\Google Drive\newblue\Cuestionario Inicial\t3\encuesta.php --> www.bluewolf.com.mx /public_html/cuestionario2 encuesta.php
2018.09.03 11:06 B C:\Users\BlueWolf\Google Drive\newblue\Cuestionario Inicial\t3\encuesta.php --> www.bluewolf.com.mx /public_html/cuestionario2 encuesta.php
2018.09.03 11:10 B C:\Users\BlueWolf\Google Drive\newblue\Cuestionario Inicial\t3\encuesta.php --> www.bluewolf.com.mx /public_html/cuestionario2 encuesta.php
2018.09.03 11:29 B C:\Users\BlueWolf\Google Drive\newblue\Cuestionario Inicial\t3\encuesta.php --> www.bluewolf.com.mx /public_html/cuestionario2 encuesta.php
2018.09.03 11:31 B C:\Users\BlueWolf\Google Drive\newblue\Cuestionario Inicial\t3\encuesta.php --> www.bluewolf.com.mx /public_html/cuestionario2 encuesta.php
2018.09.03 11:41 B C:\Users\BlueWolf\Google Drive\newblue\Cuestionario Inicial\t3\encuesta.php --> www.bluewolf.com.mx /public_html/cuestionario2 encuesta.php
2018.09.03 11:42 B C:\Users\BlueWolf\Google Drive\newblue\Cuestionario Inicial\t3\encuesta.php --> www.bluewolf.com.mx /public_html/cuestionario2 encuesta.php
2018.09.03 11:42 B C:\Users\BlueWolf\Google Drive\newblue\Cuestionario Inicial\t3\encuesta.php --> www.bluewolf.com.mx /public_html/cuestionario2 encuesta.php
2018.09.03 11:45 B C:\Users\BlueWolf\Google Drive\newblue\Cuestionario Inicial\t3\encuesta.php --> www.bluewolf.com.mx /public_html/cuestionario2 encuesta.php
2018.09.03 12:02 B C:\Users\BlueWolf\Google Drive\newblue\Cuestionario Inicial\t3\encuesta.php --> www.bluewolf.com.mx /public_html/cuestionario2 encuesta.php
2018.09.03 12:04 B C:\Users\BlueWolf\Google Drive\newblue\Cuestionario Inicial\t3\encuesta.php --> www.bluewolf.com.mx /public_html/cuestionario2 encuesta.php
2018.09.03 12:05 B C:\Users\BlueWolf\Google Drive\newblue\Cuestionario Inicial\t3\encuesta.php --> www.bluewolf.com.mx /public_html/cuestionario2 encuesta.php
2018.09.03 12:06 B C:\Users\BlueWolf\Google Drive\newblue\Cuestionario Inicial\t3\encuesta.php --> www.bluewolf.com.mx /public_html/cuestionario2 encuesta.php
2018.09.03 12:13 B C:\Users\BlueWolf\Google Drive\newblue\Cuestionario Inicial\t3\encuesta.php --> www.bluewolf.com.mx /public_html/cuestionario2 encuesta.php
2018.09.03 12:15 B C:\Users\BlueWolf\Google Drive\newblue\Cuestionario Inicial\t3\encuesta.php --> www.bluewolf.com.mx /public_html/cuestionario2 encuesta.php
2018.09.03 12:17 B C:\Users\BlueWolf\Google Drive\newblue\Cuestionario Inicial\t3\encuesta.php --> www.bluewolf.com.mx /public_html/cuestionario2 encuesta.php
2018.09.03 12:18 B C:\Users\BlueWolf\Google Drive\newblue\Cuestionario Inicial\t3\encuesta.php --> www.bluewolf.com.mx /public_html/cuestionario2 encuesta.php
2018.09.03 12:18 B C:\Users\BlueWolf\Google Drive\newblue\Cuestionario Inicial\t3\encuesta.php --> www.bluewolf.com.mx /public_html/cuestionario2 encuesta.php
2018.09.03 12:19 B C:\Users\BlueWolf\Google Drive\newblue\Cuestionario Inicial\t3\encuesta.php --> www.bluewolf.com.mx /public_html/cuestionario2 encuesta.php
2018.09.03 13:07 B C:\Users\BlueWolf\Google Drive\newblue\Cuestionario Inicial\t3\registro.php --> www.bluewolf.com.mx /public_html registro.php
2018.09.03 13:07 B C:\Users\BlueWolf\Google Drive\newblue\Cuestionario Inicial\t3\registro.php --> www.bluewolf.com.mx /public_html/cuestionario2 registro.php
2018.09.03 13:07 B C:\Users\BlueWolf\Google Drive\newblue\Cuestionario Inicial\t3\revisa_email.php --> www.bluewolf.com.mx /public_html/cuestionario2 revisa_email.php
2018.09.03 13:08 B C:\Users\BlueWolf\Google Drive\newblue\Cuestionario Inicial\t3\registro.php --> www.bluewolf.com.mx /public_html/cuestionario2 registro.php
2018.09.03 13:09 B C:\Users\BlueWolf\Google Drive\newblue\Cuestionario Inicial\t3\registro.php --> www.bluewolf.com.mx /public_html/cuestionario2 registro.php
2018.09.03 13:10 B C:\Users\BlueWolf\Google Drive\newblue\Cuestionario Inicial\t3\registro.php --> www.bluewolf.com.mx /public_html/cuestionario2 registro.php
2018.09.03 13:11 B C:\Users\BlueWolf\Google Drive\newblue\Cuestionario Inicial\t3\revisa_email.php --> www.bluewolf.com.mx /public_html/cuestionario2 revisa_email.php
2018.09.03 13:11 B C:\Users\BlueWolf\Google Drive\newblue\Cuestionario Inicial\t3\revisa_email.php --> www.bluewolf.com.mx /public_html/cuestionario2 revisa_email.php
2018.09.03 13:11 B C:\Users\BlueWolf\Google Drive\newblue\Cuestionario Inicial\t3\registro.php --> www.bluewolf.com.mx /public_html/cuestionario2 registro.php
2018.09.03 13:12 B C:\Users\BlueWolf\Google Drive\newblue\Cuestionario Inicial\t3\revisa_email.php --> www.bluewolf.com.mx /public_html/cuestionario2 revisa_email.php
2018.09.03 13:13 B C:\Users\BlueWolf\Google Drive\newblue\Cuestionario Inicial\t3\registro.php --> www.bluewolf.com.mx /public_html/cuestionario2 registro.php
2018.09.03 13:13 B C:\Users\BlueWolf\Google Drive\newblue\Cuestionario Inicial\t3\registro.php --> www.bluewolf.com.mx /public_html/cuestionario2 registro.php
2018.09.03 13:13 B C:\Users\BlueWolf\Google Drive\newblue\Cuestionario Inicial\t3\registro.php --> www.bluewolf.com.mx /public_html/cuestionario2 registro.php
2018.09.03 13:14 B C:\Users\BlueWolf\Google Drive\newblue\Cuestionario Inicial\t3\registro.php --> www.bluewolf.com.mx /public_html/cuestionario2 registro.php
2018.09.03 13:14 B C:\Users\BlueWolf\Google Drive\newblue\Cuestionario Inicial\t3\registro.php --> www.bluewolf.com.mx /public_html/cuestionario2 registro.php
2018.09.03 13:14 B C:\Users\BlueWolf\Google Drive\newblue\Cuestionario Inicial\t3\registro.php --> www.bluewolf.com.mx /public_html/cuestionario2 registro.php
2018.09.03 13:14 B C:\Users\BlueWolf\Google Drive\newblue\Cuestionario Inicial\t3\registro.php --> www.bluewolf.com.mx /public_html/cuestionario2 registro.php
2018.09.03 13:15 B C:\Users\BlueWolf\Google Drive\newblue\Cuestionario Inicial\t3\registro.php --> www.bluewolf.com.mx /public_html/cuestionario2 registro.php
2018.09.03 13:17 B C:\Users\BlueWolf\Google Drive\newblue\Cuestionario Inicial\t3\registro.php --> www.bluewolf.com.mx /public_html/cuestionario2 registro.php
2018.09.03 13:18 B C:\Users\BlueWolf\Google Drive\newblue\Cuestionario Inicial\t3\registro.php --> www.bluewolf.com.mx /public_html/cuestionario2 registro.php
2018.09.03 13:25 B C:\Users\BlueWolf\Google Drive\newblue\Cuestionario Inicial\t3\encuesta.php --> www.bluewolf.com.mx /public_html/cuestionario2 encuesta.php
2018.09.03 13:26 B C:\Users\BlueWolf\Google Drive\newblue\Cuestionario Inicial\t3\encuesta.php --> www.bluewolf.com.mx /public_html/cuestionario2 encuesta.php
2018.09.03 13:27 B C:\Users\BlueWolf\Google Drive\newblue\Cuestionario Inicial\t3\encuesta.php --> www.bluewolf.com.mx /public_html/cuestionario2 encuesta.php
2018.09.03 13:27 B C:\Users\BlueWolf\Google Drive\newblue\Cuestionario Inicial\t3\encuesta.php --> www.bluewolf.com.mx /public_html/cuestionario2 encuesta.php
2018.09.03 13:28 B C:\Users\BlueWolf\Google Drive\newblue\Cuestionario Inicial\t3\encuesta.php --> www.bluewolf.com.mx /public_html/cuestionario2 encuesta.php
2018.09.03 13:41 B C:\Users\BlueWolf\Google Drive\newblue\Cuestionario Inicial\t3\encuesta.php --> www.bluewolf.com.mx /public_html/cuestionario2 encuesta.php
2018.09.03 13:42 B C:\Users\BlueWolf\Google Drive\newblue\Cuestionario Inicial\t3\encuesta.php --> www.bluewolf.com.mx /public_html/cuestionario2 encuesta.php
2018.09.03 13:49 B C:\Users\BlueWolf\Google Drive\newblue\Cuestionario Inicial\t3\encuesta.php --> www.bluewolf.com.mx /public_html/cuestionario2 encuesta.php
2018.09.03 13:50 B C:\Users\BlueWolf\Google Drive\newblue\Cuestionario Inicial\t3\encuesta.php --> www.bluewolf.com.mx /public_html/cuestionario2 encuesta.php
2018.09.03 13:50 B C:\Users\BlueWolf\Google Drive\newblue\Cuestionario Inicial\t3\encuesta.php --> www.bluewolf.com.mx /public_html/cuestionario2 encuesta.php
2018.09.03 13:50 B C:\Users\BlueWolf\Google Drive\newblue\Cuestionario Inicial\t3\encuesta.php --> www.bluewolf.com.mx /public_html/cuestionario2 encuesta.php
2018.09.03 13:51 B C:\Users\BlueWolf\Google Drive\newblue\Cuestionario Inicial\t3\encuesta.php --> www.bluewolf.com.mx /public_html/cuestionario2 encuesta.php
2018.09.03 13:53 B C:\Users\BlueWolf\Google Drive\newblue\Cuestionario Inicial\t3\encuesta.php --> www.bluewolf.com.mx /public_html/cuestionario2 encuesta.php
2018.09.03 13:53 B C:\Users\BlueWolf\Google Drive\newblue\Cuestionario Inicial\t3\encuesta.php --> www.bluewolf.com.mx /public_html/cuestionario2 encuesta.php
2018.09.03 13:53 B C:\Users\BlueWolf\Google Drive\newblue\Cuestionario Inicial\t3\encuesta.php --> www.bluewolf.com.mx /public_html/cuestionario2 encuesta.php
2018.09.03 13:54 B C:\Users\BlueWolf\Google Drive\newblue\Cuestionario Inicial\t3\encuesta.php --> www.bluewolf.com.mx /public_html/cuestionario2 encuesta.php
2018.09.03 13:57 B C:\Users\BlueWolf\Google Drive\newblue\Cuestionario Inicial\t3\encuesta.php --> www.bluewolf.com.mx /public_html/cuestionario2 encuesta.php
2018.09.03 13:57 B C:\Users\BlueWolf\Google Drive\newblue\Cuestionario Inicial\t3\encuesta.php --> www.bluewolf.com.mx /public_html/cuestionario2 encuesta.php
2018.09.03 13:58 B C:\Users\BlueWolf\Google Drive\newblue\Cuestionario Inicial\t3\encuesta.php --> www.bluewolf.com.mx /public_html/cuestionario2 encuesta.php
2018.09.03 13:58 B C:\Users\BlueWolf\Google Drive\newblue\Cuestionario Inicial\t3\encuesta.php --> www.bluewolf.com.mx /public_html/cuestionario2 encuesta.php
2018.09.03 13:59 B C:\Users\BlueWolf\Google Drive\newblue\Cuestionario Inicial\t3\encuesta.php --> www.bluewolf.com.mx /public_html/cuestionario2 encuesta.php
2018.09.03 14:05 B C:\Users\BlueWolf\Google Drive\newblue\Cuestionario Inicial\t3\encuesta.php --> www.bluewolf.com.mx /public_html/cuestionario2 encuesta.php
2018.09.04 10:37 B C:\Users\BlueWolf\Google Drive\newblue\Cuestionario Inicial\t3\encuesta.php --> www.bluewolf.com.mx /public_html/cuestionario2 encuesta.php
2018.09.04 10:41 B C:\Users\BlueWolf\Google Drive\newblue\Cuestionario Inicial\t3\encuesta.php --> www.bluewolf.com.mx /public_html/cuestionario2 encuesta.php
2018.09.04 10:49 B C:\Users\BlueWolf\Google Drive\newblue\Cuestionario Inicial\t3\encuesta.php --> www.bluewolf.com.mx /public_html/cuestionario2 encuesta.php
2018.09.04 10:51 B C:\Users\BlueWolf\Google Drive\newblue\Cuestionario Inicial\t3\encuesta.php --> www.bluewolf.com.mx /public_html/cuestionario2 encuesta.php
2018.09.04 10:52 B C:\Users\BlueWolf\Google Drive\newblue\Cuestionario Inicial\t3\encuesta.php --> www.bluewolf.com.mx /public_html/cuestionario2 encuesta.php
2018.09.04 10:53 B C:\Users\BlueWolf\Google Drive\newblue\Cuestionario Inicial\t3\encuesta.php --> www.bluewolf.com.mx /public_html/cuestionario2 encuesta.php
2018.09.04 10:54 B C:\Users\BlueWolf\Google Drive\newblue\Cuestionario Inicial\t3\encuesta.php --> www.bluewolf.com.mx /public_html/cuestionario2 encuesta.php
2018.09.04 10:54 B C:\Users\BlueWolf\Google Drive\newblue\Cuestionario Inicial\t3\encuesta.php --> www.bluewolf.com.mx /public_html/cuestionario2 encuesta.php
2018.09.04 10:55 B C:\Users\BlueWolf\Google Drive\newblue\Cuestionario Inicial\t3\encuesta.php --> www.bluewolf.com.mx /public_html/cuestionario2 encuesta.php
2018.09.04 10:55 B C:\Users\BlueWolf\Google Drive\newblue\Cuestionario Inicial\t3\encuesta.php --> www.bluewolf.com.mx /public_html/cuestionario2 encuesta.php
2018.09.04 10:55 B C:\Users\BlueWolf\Google Drive\newblue\Cuestionario Inicial\t3\encuesta.php --> www.bluewolf.com.mx /public_html/cuestionario2 encuesta.php
2018.09.04 10:57 B C:\Users\BlueWolf\Google Drive\newblue\Cuestionario Inicial\t3\encuesta.php --> www.bluewolf.com.mx /public_html/cuestionario2 encuesta.php
2018.09.04 10:57 B C:\Users\BlueWolf\Google Drive\newblue\Cuestionario Inicial\t3\encuesta.php --> www.bluewolf.com.mx /public_html/cuestionario2 encuesta.php
2018.09.04 10:58 B C:\Users\BlueWolf\Google Drive\newblue\Cuestionario Inicial\t3\encuesta.php --> www.bluewolf.com.mx /public_html/cuestionario2 encuesta.php
2018.09.04 10:59 B C:\Users\BlueWolf\Google Drive\newblue\Cuestionario Inicial\t3\encuesta.php --> www.bluewolf.com.mx /public_html/cuestionario2 encuesta.php
2018.09.04 10:59 B C:\Users\BlueWolf\Google Drive\newblue\Cuestionario Inicial\t3\encuesta.php --> www.bluewolf.com.mx /public_html/cuestionario2 encuesta.php
2018.09.04 11:00 B C:\Users\BlueWolf\Google Drive\newblue\Cuestionario Inicial\t3\encuesta.php --> www.bluewolf.com.mx /public_html/cuestionario2 encuesta.php
2018.09.04 11:00 B C:\Users\BlueWolf\Google Drive\newblue\Cuestionario Inicial\t3\encuesta.php --> www.bluewolf.com.mx /public_html/cuestionario2 encuesta.php
2018.09.04 11:00 B C:\Users\BlueWolf\Google Drive\newblue\Cuestionario Inicial\t3\encuesta.php --> www.bluewolf.com.mx /public_html/cuestionario2 encuesta.php
2018.09.04 11:02 B C:\Users\BlueWolf\Google Drive\newblue\Cuestionario Inicial\t3\encuesta.php --> www.bluewolf.com.mx /public_html/cuestionario2 encuesta.php
2018.09.04 11:03 B C:\Users\BlueWolf\Google Drive\newblue\Cuestionario Inicial\t3\encuesta.php --> www.bluewolf.com.mx /public_html/cuestionario2 encuesta.php
2018.09.04 11:04 B C:\Users\BlueWolf\Google Drive\newblue\Cuestionario Inicial\t3\encuesta.php --> www.bluewolf.com.mx /public_html/cuestionario2 encuesta.php
2018.09.04 11:05 B C:\Users\BlueWolf\Google Drive\newblue\Cuestionario Inicial\t3\encuesta.php --> www.bluewolf.com.mx /public_html/cuestionario2 encuesta.php
2018.09.04 11:06 B C:\Users\BlueWolf\Google Drive\newblue\Cuestionario Inicial\t3\encuesta.php --> www.bluewolf.com.mx /public_html/cuestionario2 encuesta.php
2018.09.04 11:06 B C:\Users\BlueWolf\Google Drive\newblue\Cuestionario Inicial\t3\encuesta.php --> www.bluewolf.com.mx /public_html/cuestionario2 encuesta.php
2018.09.04 11:10 B C:\Users\BlueWolf\Google Drive\newblue\Cuestionario Inicial\t3\encuesta.php --> www.bluewolf.com.mx /public_html/cuestionario2 encuesta.php
2018.09.04 11:19 B C:\Users\BlueWolf\Google Drive\newblue\Cuestionario Inicial\t3\encuesta.php --> www.bluewolf.com.mx /public_html/cuestionario2 encuesta.php
2018.09.04 11:55 B C:\Users\BlueWolf\Google Drive\newblue\Cuestionario Inicial\t3\encuesta.php --> www.bluewolf.com.mx /public_html/cuestionario2 encuesta.php
2018.09.04 11:56 B C:\Users\BlueWolf\Google Drive\newblue\Cuestionario Inicial\t3\encuesta.php --> www.bluewolf.com.mx /public_html/cuestionario2 encuesta.php
2018.09.04 11:56 B C:\Users\BlueWolf\Google Drive\newblue\Cuestionario Inicial\t3\encuesta.php --> www.bluewolf.com.mx /public_html/cuestionario2 encuesta.php
2018.09.04 11:57 B C:\Users\BlueWolf\Google Drive\newblue\Cuestionario Inicial\t3\fin.php --> www.bluewolf.com.mx /public_html/cuestionario2 fin.php
2018.09.04 11:57 B C:\Users\BlueWolf\Google Drive\newblue\Cuestionario Inicial\t3\fin.php --> www.bluewolf.com.mx /public_html/cuestionario2 fin.php
2018.09.04 11:59 B C:\Users\BlueWolf\Google Drive\newblue\Cuestionario Inicial\t3\encuesta.php --> www.bluewolf.com.mx /public_html/cuestionario2 encuesta.php
2018.09.04 11:59 B C:\Users\BlueWolf\Google Drive\newblue\Cuestionario Inicial\t3\encuesta.php --> www.bluewolf.com.mx /public_html/cuestionario2 encuesta.php
2018.09.04 12:00 B C:\Users\BlueWolf\Google Drive\newblue\Cuestionario Inicial\t3\encuesta.php --> www.bluewolf.com.mx /public_html/cuestionario2 encuesta.php
2018.09.04 12:01 B C:\Users\BlueWolf\Google Drive\newblue\Cuestionario Inicial\t3\encuesta.php --> www.bluewolf.com.mx /public_html/cuestionario2 encuesta.php
2018.09.04 12:01 B C:\Users\BlueWolf\Google Drive\newblue\Cuestionario Inicial\t3\encuesta.php --> www.bluewolf.com.mx /public_html/cuestionario2 encuesta.php
2018.09.04 12:02 B C:\Users\BlueWolf\Google Drive\newblue\Cuestionario Inicial\t3\encuesta.php --> www.bluewolf.com.mx /public_html/cuestionario2 encuesta.php
2018.09.04 12:03 B C:\Users\BlueWolf\Google Drive\newblue\Cuestionario Inicial\t3\encuesta.php --> www.bluewolf.com.mx /public_html/cuestionario2 encuesta.php
2018.09.04 12:04 B C:\Users\BlueWolf\Google Drive\newblue\Cuestionario Inicial\t3\encuesta.php --> www.bluewolf.com.mx /public_html/cuestionario2 encuesta.php
2018.09.04 12:06 B C:\Users\BlueWolf\Google Drive\newblue\Cuestionario Inicial\t3\encuesta.php --> www.bluewolf.com.mx /public_html/cuestionario2 encuesta.php
2018.09.04 12:06 B C:\Users\BlueWolf\Google Drive\newblue\Cuestionario Inicial\t3\encuesta.php --> www.bluewolf.com.mx /public_html/cuestionario2 encuesta.php
2018.09.04 12:09 B C:\Users\BlueWolf\Google Drive\newblue\Cuestionario Inicial\t3\encuesta.php --> www.bluewolf.com.mx /public_html/cuestionario2 encuesta.php
2018.09.04 12:10 B C:\Users\BlueWolf\Google Drive\newblue\Cuestionario Inicial\t3\encuesta.php --> www.bluewolf.com.mx /public_html/cuestionario2 encuesta.php
2018.09.04 12:10 B C:\Users\BlueWolf\Google Drive\newblue\Cuestionario Inicial\t3\encuesta.php --> www.bluewolf.com.mx /public_html/cuestionario2 encuesta.php
2018.09.04 12:27 B C:\Users\BlueWolf\Google Drive\newblue\Cuestionario Inicial\t3\encuesta.php --> www.bluewolf.com.mx /public_html/cuestionario2 encuesta.php
2018.09.04 12:27 B C:\Users\BlueWolf\Google Drive\newblue\Cuestionario Inicial\t3\encuesta.php --> www.bluewolf.com.mx /public_html/cuestionario2 encuesta.php
2018.09.04 12:40 B C:\Users\BlueWolf\Google Drive\newblue\Cuestionario Inicial\t3\encuesta.php --> www.bluewolf.com.mx /public_html/cuestionario2 encuesta.php
2018.09.04 12:46 B C:\Users\BlueWolf\Google Drive\newblue\Cuestionario Inicial\t3\encuesta.php --> www.bluewolf.com.mx /public_html/cuestionario2 encuesta.php
2018.09.04 12:48 B C:\Users\BlueWolf\Google Drive\newblue\Cuestionario Inicial\t3\encuesta.php --> www.bluewolf.com.mx /public_html/cuestionario2 encuesta.php
2018.09.04 12:49 B C:\Users\BlueWolf\Google Drive\newblue\Cuestionario Inicial\t3\encuesta.php --> www.bluewolf.com.mx /public_html/cuestionario2 encuesta.php
2018.09.04 12:53 B C:\Users\BlueWolf\Google Drive\newblue\Cuestionario Inicial\t3\encuesta.php --> www.bluewolf.com.mx /public_html/cuestionario2 encuesta.php
2018.09.04 12:53 B C:\Users\BlueWolf\Google Drive\newblue\Cuestionario Inicial\t3\encuesta.php --> www.bluewolf.com.mx /public_html/cuestionario2 encuesta.php
2018.09.04 12:54 B C:\Users\BlueWolf\Google Drive\newblue\Cuestionario Inicial\t3\encuesta.php --> www.bluewolf.com.mx /public_html/cuestionario2 encuesta.php
2018.09.04 12:55 B C:\Users\BlueWolf\Google Drive\newblue\Cuestionario Inicial\t3\encuesta.php --> www.bluewolf.com.mx /public_html/cuestionario2 encuesta.php
2018.09.04 12:56 B C:\Users\BlueWolf\Google Drive\newblue\Cuestionario Inicial\t3\encuesta.php --> www.bluewolf.com.mx /public_html/cuestionario2 encuesta.php
2018.09.04 12:56 B C:\Users\BlueWolf\Google Drive\newblue\Cuestionario Inicial\t3\encuesta.php --> www.bluewolf.com.mx /public_html/cuestionario2 encuesta.php
2018.09.04 13:00 B C:\Users\BlueWolf\Google Drive\newblue\Cuestionario Inicial\t3\encuesta.php --> www.bluewolf.com.mx /public_html/cuestionario2 encuesta.php
2018.09.04 13:08 B C:\Users\BlueWolf\Google Drive\newblue\Cuestionario Inicial\t3\encuesta.php --> www.bluewolf.com.mx /public_html/cuestionario2 encuesta.php
2018.09.04 13:13 B C:\Users\BlueWolf\Google Drive\newblue\Cuestionario Inicial\t3\encuesta.php --> www.bluewolf.com.mx /public_html/cuestionario2 encuesta.php
2018.09.04 13:14 B C:\Users\BlueWolf\Google Drive\newblue\Cuestionario Inicial\t3\encuesta.php --> www.bluewolf.com.mx /public_html/cuestionario2 encuesta.php
2018.09.04 13:17 B C:\Users\BlueWolf\Google Drive\newblue\Cuestionario Inicial\t3\encuesta.php --> www.bluewolf.com.mx /public_html/cuestionario2 encuesta.php
2018.09.04 13:18 B C:\Users\BlueWolf\Google Drive\newblue\Cuestionario Inicial\t3\encuesta.php --> www.bluewolf.com.mx /public_html/cuestionario2 encuesta.php
2018.09.04 13:21 B C:\Users\BlueWolf\Google Drive\newblue\Cuestionario Inicial\t3\encuesta.php --> www.bluewolf.com.mx /public_html/cuestionario2 encuesta.php
2018.09.04 13:24 B C:\Users\BlueWolf\Google Drive\newblue\Cuestionario Inicial\t3\encuesta.php --> www.bluewolf.com.mx /public_html/cuestionario2 encuesta.php
2018.09.04 13:25 B C:\Users\BlueWolf\Google Drive\newblue\Cuestionario Inicial\t3\encuesta.php --> www.bluewolf.com.mx /public_html/cuestionario2 encuesta.php
2018.09.04 13:26 B C:\Users\BlueWolf\Google Drive\newblue\Cuestionario Inicial\t3\encuesta.php --> www.bluewolf.com.mx /public_html/cuestionario2 encuesta.php
2018.09.04 13:28 B C:\Users\BlueWolf\Google Drive\newblue\Cuestionario Inicial\t3\encuesta.php --> www.bluewolf.com.mx /public_html/cuestionario2 encuesta.php
2018.09.04 13:31 B C:\Users\BlueWolf\Google Drive\newblue\Cuestionario Inicial\t3\encuesta.php --> www.bluewolf.com.mx /public_html/cuestionario2 encuesta.php
2018.09.04 13:31 B C:\Users\BlueWolf\Google Drive\newblue\Cuestionario Inicial\t3\encuesta.php --> www.bluewolf.com.mx /public_html/cuestionario2 encuesta.php
2018.09.04 13:32 B C:\Users\BlueWolf\Google Drive\newblue\Cuestionario Inicial\t3\encuesta.php --> www.bluewolf.com.mx /public_html/cuestionario2 encuesta.php
2018.09.04 13:33 B C:\Users\BlueWolf\Google Drive\newblue\Cuestionario Inicial\t3\encuesta.php --> www.bluewolf.com.mx /public_html/cuestionario2 encuesta.php
2018.09.04 13:35 B C:\Users\BlueWolf\Google Drive\newblue\Cuestionario Inicial\t3\encuesta.php --> www.bluewolf.com.mx /public_html/cuestionario2 encuesta.php
2018.09.04 13:37 B C:\Users\BlueWolf\Google Drive\newblue\Cuestionario Inicial\t3\encuesta.php --> www.bluewolf.com.mx /public_html/cuestionario2 encuesta.php
2018.09.04 13:37 B C:\Users\BlueWolf\Google Drive\newblue\Cuestionario Inicial\t3\encuesta.php --> www.bluewolf.com.mx /public_html/cuestionario2 encuesta.php
2018.09.04 13:38 B C:\Users\BlueWolf\Google Drive\newblue\Cuestionario Inicial\t3\encuesta.php --> www.bluewolf.com.mx /public_html/cuestionario2 encuesta.php
2018.09.04 13:39 B C:\Users\BlueWolf\Google Drive\newblue\Cuestionario Inicial\t3\encuesta.php --> www.bluewolf.com.mx /public_html/cuestionario2 encuesta.php
2018.09.04 13:39 B C:\Users\BlueWolf\Google Drive\newblue\Cuestionario Inicial\t3\encuesta.php --> www.bluewolf.com.mx /public_html/cuestionario2 encuesta.php
2018.09.04 13:40 B C:\Users\BlueWolf\Google Drive\newblue\Cuestionario Inicial\t3\encuesta.php --> www.bluewolf.com.mx /public_html/cuestionario2 encuesta.php
2018.09.04 13:42 B C:\Users\BlueWolf\Google Drive\newblue\Cuestionario Inicial\t3\encuesta.php --> www.bluewolf.com.mx /public_html/cuestionario2 encuesta.php
2018.09.04 13:45 B C:\Users\BlueWolf\Google Drive\newblue\Cuestionario Inicial\t3\encuesta.php --> www.bluewolf.com.mx /public_html/cuestionario2 encuesta.php
2018.09.04 13:47 B C:\Users\BlueWolf\Google Drive\newblue\Cuestionario Inicial\t3\encuesta.php --> www.bluewolf.com.mx /public_html/cuestionario2 encuesta.php
2018.09.04 13:49 B C:\Users\BlueWolf\Google Drive\newblue\Cuestionario Inicial\t3\encuesta.php --> www.bluewolf.com.mx /public_html/cuestionario2 encuesta.php
2018.09.04 13:50 B C:\Users\BlueWolf\Google Drive\newblue\Cuestionario Inicial\t3\encuesta.php --> www.bluewolf.com.mx /public_html/cuestionario2 encuesta.php
2018.09.04 13:50 B C:\Users\BlueWolf\Google Drive\newblue\Cuestionario Inicial\t3\encuesta.php --> www.bluewolf.com.mx /public_html/cuestionario2 encuesta.php
2018.09.04 13:53 B C:\Users\BlueWolf\Google Drive\newblue\Cuestionario Inicial\t3\encuesta.php --> www.bluewolf.com.mx /public_html/cuestionario2 encuesta.php
2018.09.04 13:54 B C:\Users\BlueWolf\Google Drive\newblue\Cuestionario Inicial\t3\encuesta.php --> www.bluewolf.com.mx /public_html/cuestionario2 encuesta.php
2018.09.04 13:55 B C:\Users\BlueWolf\Google Drive\newblue\Cuestionario Inicial\t3\encuesta.php --> www.bluewolf.com.mx /public_html/cuestionario2 encuesta.php
2018.09.04 13:55 B C:\Users\BlueWolf\Google Drive\newblue\Cuestionario Inicial\t3\encuesta.php --> www.bluewolf.com.mx /public_html/cuestionario2 encuesta.php
2018.09.04 13:56 B C:\Users\BlueWolf\Google Drive\newblue\Cuestionario Inicial\t3\encuesta.php --> www.bluewolf.com.mx /public_html/cuestionario2 encuesta.php
2018.09.04 13:58 B C:\Users\BlueWolf\Google Drive\newblue\Cuestionario Inicial\t3\encuesta.php --> www.bluewolf.com.mx /public_html/cuestionario2 encuesta.php
2018.09.04 14:01 B C:\Users\BlueWolf\Google Drive\newblue\Cuestionario Inicial\t3\encuesta.php --> www.bluewolf.com.mx /public_html/cuestionario2 encuesta.php
2018.09.04 14:02 B C:\Users\BlueWolf\Google Drive\newblue\Cuestionario Inicial\t3\encuesta.php --> www.bluewolf.com.mx /public_html/cuestionario2 encuesta.php
2018.09.04 14:04 B C:\Users\BlueWolf\Google Drive\newblue\Cuestionario Inicial\t3\encuesta.php --> www.bluewolf.com.mx /public_html/cuestionario2 encuesta.php
2018.09.04 14:05 B C:\Users\BlueWolf\Google Drive\newblue\Cuestionario Inicial\t3\encuesta.php --> www.bluewolf.com.mx /public_html/cuestionario2 encuesta.php
2018.09.04 14:05 B C:\Users\BlueWolf\Google Drive\newblue\Cuestionario Inicial\t3\encuesta.php --> www.bluewolf.com.mx /public_html/cuestionario2 encuesta.php
2018.09.04 14:06 B C:\Users\BlueWolf\Google Drive\newblue\Cuestionario Inicial\t3\encuesta.php --> www.bluewolf.com.mx /public_html/cuestionario2 encuesta.php
2018.09.04 14:06 B C:\Users\BlueWolf\Google Drive\newblue\Cuestionario Inicial\t3\encuesta.php --> www.bluewolf.com.mx /public_html/cuestionario2 encuesta.php
2018.09.04 14:07 B C:\Users\BlueWolf\Google Drive\newblue\Cuestionario Inicial\t3\encuesta.php --> www.bluewolf.com.mx /public_html/cuestionario2 encuesta.php
2018.09.04 14:08 B C:\Users\BlueWolf\Google Drive\newblue\Cuestionario Inicial\t3\encuesta.php --> www.bluewolf.com.mx /public_html/cuestionario2 encuesta.php
2018.09.04 14:09 B C:\Users\BlueWolf\Google Drive\newblue\Cuestionario Inicial\t3\encuesta.php --> www.bluewolf.com.mx /public_html/cuestionario2 encuesta.php
2018.09.04 14:13 B C:\Users\BlueWolf\Google Drive\newblue\Cuestionario Inicial\t3\encuesta.php --> www.bluewolf.com.mx /public_html/cuestionario2 encuesta.php
2018.09.04 14:15 B C:\Users\BlueWolf\Google Drive\newblue\Cuestionario Inicial\t3\encuesta.php --> www.bluewolf.com.mx /public_html/cuestionario2 encuesta.php
2018.09.04 14:16 B C:\Users\BlueWolf\Google Drive\newblue\Cuestionario Inicial\t3\encuesta.php --> www.bluewolf.com.mx /public_html/cuestionario2 encuesta.php
2018.09.04 14:17 B C:\Users\BlueWolf\Google Drive\newblue\Cuestionario Inicial\t3\encuesta.php --> www.bluewolf.com.mx /public_html/cuestionario2 encuesta.php
2018.09.04 14:18 B C:\Users\BlueWolf\Google Drive\newblue\Cuestionario Inicial\t3\encuesta.php --> www.bluewolf.com.mx /public_html/cuestionario2 encuesta.php
2018.09.04 14:18 B C:\Users\BlueWolf\Google Drive\newblue\Cuestionario Inicial\t3\encuesta.php --> www.bluewolf.com.mx /public_html/cuestionario2 encuesta.php
2018.09.04 14:19 B C:\Users\BlueWolf\Google Drive\newblue\Cuestionario Inicial\t3\encuesta.php --> www.bluewolf.com.mx /public_html/cuestionario2 encuesta.php
2018.09.04 14:23 B C:\Users\BlueWolf\Google Drive\newblue\Cuestionario Inicial\t3\encuesta.php --> www.bluewolf.com.mx /public_html/cuestionario2 encuesta.php
2018.09.04 14:24 B C:\Users\BlueWolf\Google Drive\newblue\Cuestionario Inicial\t3\encuesta.php --> www.bluewolf.com.mx /public_html/cuestionario2 encuesta.php
2018.09.04 14:24 B C:\Users\BlueWolf\Google Drive\newblue\Cuestionario Inicial\t3\encuesta.php --> www.bluewolf.com.mx /public_html/cuestionario2 encuesta.php
2018.09.04 14:27 B C:\Users\BlueWolf\Google Drive\newblue\Cuestionario Inicial\t3\encuesta.php --> www.bluewolf.com.mx /public_html/cuestionario2 encuesta.php
2018.09.04 16:01 B C:\Users\BlueWolf\Google Drive\newblue\Cuestionario Inicial\t3\encuesta.php --> www.bluewolf.com.mx /public_html/cuestionario2 encuesta.php
2018.09.04 16:13 B C:\Users\BlueWolf\Google Drive\newblue\Cuestionario Inicial\t3\encuesta.php --> www.bluewolf.com.mx /public_html/cuestionario2 encuesta.php
2018.09.04 16:14 B C:\Users\BlueWolf\Google Drive\newblue\Cuestionario Inicial\t3\encuesta.php --> www.bluewolf.com.mx /public_html/cuestionario2 encuesta.php
2018.09.04 16:18 B C:\Users\BlueWolf\Google Drive\newblue\Cuestionario Inicial\t3\encuesta.php --> www.bluewolf.com.mx /public_html/cuestionario2 encuesta.php
2018.09.04 16:19 B C:\Users\BlueWolf\Google Drive\newblue\Cuestionario Inicial\t3\encuesta.php --> www.bluewolf.com.mx /public_html/cuestionario2 encuesta.php
2018.09.04 16:22 B C:\Users\BlueWolf\Google Drive\newblue\Cuestionario Inicial\t3\encuesta.php --> www.bluewolf.com.mx /public_html/cuestionario2 encuesta.php
2018.09.04 16:24 B C:\Users\BlueWolf\Google Drive\newblue\Cuestionario Inicial\t3\encuesta.php --> www.bluewolf.com.mx /public_html/cuestionario2 encuesta.php
2018.09.04 16:25 B C:\Users\BlueWolf\Google Drive\newblue\Cuestionario Inicial\t3\encuesta.php --> www.bluewolf.com.mx /public_html/cuestionario2 encuesta.php
2018.09.04 16:28 B C:\Users\BlueWolf\Google Drive\newblue\Cuestionario Inicial\t3\encuesta.php --> www.bluewolf.com.mx /public_html/cuestionario2 encuesta.php
2018.09.04 16:30 B C:\Users\BlueWolf\Google Drive\newblue\Cuestionario Inicial\t3\encuesta.php --> www.bluewolf.com.mx /public_html/cuestionario2 encuesta.php
2018.09.04 16:31 B C:\Users\BlueWolf\Google Drive\newblue\Cuestionario Inicial\t3\encuesta.php --> www.bluewolf.com.mx /public_html/cuestionario2 encuesta.php
2018.09.04 16:32 B C:\Users\BlueWolf\Google Drive\newblue\Cuestionario Inicial\t3\encuesta.php --> www.bluewolf.com.mx /public_html/cuestionario2 encuesta.php
2018.09.04 16:34 B C:\Users\BlueWolf\Google Drive\newblue\Cuestionario Inicial\t3\encuesta.php --> www.bluewolf.com.mx /public_html/cuestionario2 encuesta.php
2018.09.04 16:37 B C:\Users\BlueWolf\Google Drive\newblue\Cuestionario Inicial\t3\encuesta.php --> www.bluewolf.com.mx /public_html/cuestionario2 encuesta.php
2018.09.04 16:40 B C:\Users\BlueWolf\Google Drive\newblue\Cuestionario Inicial\t3\encuesta.php --> www.bluewolf.com.mx /public_html/cuestionario2 encuesta.php
2018.09.04 16:47 B C:\Users\BlueWolf\Google Drive\newblue\Cuestionario Inicial\t3\encuesta.php --> www.bluewolf.com.mx /public_html/cuestionario2 encuesta.php
2018.09.04 16:50 B C:\Users\BlueWolf\Google Drive\newblue\Cuestionario Inicial\t3\encuesta.php --> www.bluewolf.com.mx /public_html/cuestionario2 encuesta.php
2018.09.04 16:51 B C:\Users\BlueWolf\Google Drive\newblue\Cuestionario Inicial\t3\encuesta.php --> www.bluewolf.com.mx /public_html/cuestionario2 encuesta.php
2018.09.04 16:53 B C:\Users\BlueWolf\Google Drive\newblue\Cuestionario Inicial\t3\encuesta.php --> www.bluewolf.com.mx /public_html/cuestionario2 encuesta.php
2018.11.16 09:10 B C:\Users\redkey\Documents\Repositorios\Cuestionario2\WS_FTP.LOG <-- bluewolf BLUEHOST /public_html/cuestionario2 WS_FTP.LOG
2018.11.16 09:21 B C:\Users\redkey\Documents\Repositorios\Cuestionario2\login.php --> www.bluewolf.com.mx /public_html/cuestionario2 login.php
2018.11.16 09:49 B C:\Users\redkey\Documents\Repositorios\Cuestionario2\encuesta.php --> www.bluewolf.com.mx /public_html/cuestionario2 encuesta.php
2018.11.16 09:54 B C:\Users\redkey\Documents\Repositorios\Cuestionario2\encuesta.php --> www.bluewolf.com.mx /public_html/cuestionario2 encuesta.php
2018.11.16 09:59 B C:\Users\redkey\Documents\Repositorios\Cuestionario2\encuesta.php --> www.bluewolf.com.mx /public_html/cuestionario2 encuesta.php
2018.11.16 10:00 B C:\Users\redkey\Documents\Repositorios\Cuestionario2\encuesta.php --> www.bluewolf.com.mx /public_html/cuestionario2 encuesta.php
