2018.08.31 13:53 B C:\Users\BlueWolf\Google Drive\newblue\Cuestionario Inicial\t3\scss\bootstrap\mixins\_alert.scss --> www.bluewolf.com.mx /public_html/cuestionario2/scss/bootstrap/mixins _alert.scss
2018.08.31 13:53 B C:\Users\BlueWolf\Google Drive\newblue\Cuestionario Inicial\t3\scss\bootstrap\mixins\_background-variant.scss --> www.bluewolf.com.mx /public_html/cuestionario2/scss/bootstrap/mixins _background-variant.scss
2018.08.31 13:53 B C:\Users\BlueWolf\Google Drive\newblue\Cuestionario Inicial\t3\scss\bootstrap\mixins\_badge.scss --> www.bluewolf.com.mx /public_html/cuestionario2/scss/bootstrap/mixins _badge.scss
2018.08.31 13:53 B C:\Users\BlueWolf\Google Drive\newblue\Cuestionario Inicial\t3\scss\bootstrap\mixins\_border-radius.scss --> www.bluewolf.com.mx /public_html/cuestionario2/scss/bootstrap/mixins _border-radius.scss
2018.08.31 13:53 B C:\Users\BlueWolf\Google Drive\newblue\Cuestionario Inicial\t3\scss\bootstrap\mixins\_box-shadow.scss --> www.bluewolf.com.mx /public_html/cuestionario2/scss/bootstrap/mixins _box-shadow.scss
2018.08.31 13:53 B C:\Users\BlueWolf\Google Drive\newblue\Cuestionario Inicial\t3\scss\bootstrap\mixins\_breakpoints.scss --> www.bluewolf.com.mx /public_html/cuestionario2/scss/bootstrap/mixins _breakpoints.scss
2018.08.31 13:53 B C:\Users\BlueWolf\Google Drive\newblue\Cuestionario Inicial\t3\scss\bootstrap\mixins\_buttons.scss --> www.bluewolf.com.mx /public_html/cuestionario2/scss/bootstrap/mixins _buttons.scss
2018.08.31 13:53 B C:\Users\BlueWolf\Google Drive\newblue\Cuestionario Inicial\t3\scss\bootstrap\mixins\_clearfix.scss --> www.bluewolf.com.mx /public_html/cuestionario2/scss/bootstrap/mixins _clearfix.scss
2018.08.31 13:53 B C:\Users\BlueWolf\Google Drive\newblue\Cuestionario Inicial\t3\scss\bootstrap\mixins\_float.scss --> www.bluewolf.com.mx /public_html/cuestionario2/scss/bootstrap/mixins _float.scss
2018.08.31 13:53 B C:\Users\BlueWolf\Google Drive\newblue\Cuestionario Inicial\t3\scss\bootstrap\mixins\_forms.scss --> www.bluewolf.com.mx /public_html/cuestionario2/scss/bootstrap/mixins _forms.scss
2018.08.31 13:53 B C:\Users\BlueWolf\Google Drive\newblue\Cuestionario Inicial\t3\scss\bootstrap\mixins\_gradients.scss --> www.bluewolf.com.mx /public_html/cuestionario2/scss/bootstrap/mixins _gradients.scss
2018.08.31 13:53 B C:\Users\BlueWolf\Google Drive\newblue\Cuestionario Inicial\t3\scss\bootstrap\mixins\_grid-framework.scss --> www.bluewolf.com.mx /public_html/cuestionario2/scss/bootstrap/mixins _grid-framework.scss
2018.08.31 13:53 B C:\Users\BlueWolf\Google Drive\newblue\Cuestionario Inicial\t3\scss\bootstrap\mixins\_grid.scss --> www.bluewolf.com.mx /public_html/cuestionario2/scss/bootstrap/mixins _grid.scss
2018.08.31 13:53 B C:\Users\BlueWolf\Google Drive\newblue\Cuestionario Inicial\t3\scss\bootstrap\mixins\_hover.scss --> www.bluewolf.com.mx /public_html/cuestionario2/scss/bootstrap/mixins _hover.scss
2018.08.31 13:53 B C:\Users\BlueWolf\Google Drive\newblue\Cuestionario Inicial\t3\scss\bootstrap\mixins\_image.scss --> www.bluewolf.com.mx /public_html/cuestionario2/scss/bootstrap/mixins _image.scss
2018.08.31 13:53 B C:\Users\BlueWolf\Google Drive\newblue\Cuestionario Inicial\t3\scss\bootstrap\mixins\_list-group.scss --> www.bluewolf.com.mx /public_html/cuestionario2/scss/bootstrap/mixins _list-group.scss
2018.08.31 13:53 B C:\Users\BlueWolf\Google Drive\newblue\Cuestionario Inicial\t3\scss\bootstrap\mixins\_lists.scss --> www.bluewolf.com.mx /public_html/cuestionario2/scss/bootstrap/mixins _lists.scss
2018.08.31 13:53 B C:\Users\BlueWolf\Google Drive\newblue\Cuestionario Inicial\t3\scss\bootstrap\mixins\_nav-divider.scss --> www.bluewolf.com.mx /public_html/cuestionario2/scss/bootstrap/mixins _nav-divider.scss
2018.08.31 13:53 B C:\Users\BlueWolf\Google Drive\newblue\Cuestionario Inicial\t3\scss\bootstrap\mixins\_navbar-align.scss --> www.bluewolf.com.mx /public_html/cuestionario2/scss/bootstrap/mixins _navbar-align.scss
2018.08.31 13:53 B C:\Users\BlueWolf\Google Drive\newblue\Cuestionario Inicial\t3\scss\bootstrap\mixins\_pagination.scss --> www.bluewolf.com.mx /public_html/cuestionario2/scss/bootstrap/mixins _pagination.scss
2018.08.31 13:53 B C:\Users\BlueWolf\Google Drive\newblue\Cuestionario Inicial\t3\scss\bootstrap\mixins\_reset-text.scss --> www.bluewolf.com.mx /public_html/cuestionario2/scss/bootstrap/mixins _reset-text.scss
2018.08.31 13:53 B C:\Users\BlueWolf\Google Drive\newblue\Cuestionario Inicial\t3\scss\bootstrap\mixins\_resize.scss --> www.bluewolf.com.mx /public_html/cuestionario2/scss/bootstrap/mixins _resize.scss
2018.08.31 13:53 B C:\Users\BlueWolf\Google Drive\newblue\Cuestionario Inicial\t3\scss\bootstrap\mixins\_screen-reader.scss --> www.bluewolf.com.mx /public_html/cuestionario2/scss/bootstrap/mixins _screen-reader.scss
2018.08.31 13:53 B C:\Users\BlueWolf\Google Drive\newblue\Cuestionario Inicial\t3\scss\bootstrap\mixins\_size.scss --> www.bluewolf.com.mx /public_html/cuestionario2/scss/bootstrap/mixins _size.scss
2018.08.31 13:53 B C:\Users\BlueWolf\Google Drive\newblue\Cuestionario Inicial\t3\scss\bootstrap\mixins\_table-row.scss --> www.bluewolf.com.mx /public_html/cuestionario2/scss/bootstrap/mixins _table-row.scss
2018.08.31 13:53 B C:\Users\BlueWolf\Google Drive\newblue\Cuestionario Inicial\t3\scss\bootstrap\mixins\_text-emphasis.scss --> www.bluewolf.com.mx /public_html/cuestionario2/scss/bootstrap/mixins _text-emphasis.scss
2018.08.31 13:53 B C:\Users\BlueWolf\Google Drive\newblue\Cuestionario Inicial\t3\scss\bootstrap\mixins\_text-hide.scss --> www.bluewolf.com.mx /public_html/cuestionario2/scss/bootstrap/mixins _text-hide.scss
2018.08.31 13:53 B C:\Users\BlueWolf\Google Drive\newblue\Cuestionario Inicial\t3\scss\bootstrap\mixins\_text-truncate.scss --> www.bluewolf.com.mx /public_html/cuestionario2/scss/bootstrap/mixins _text-truncate.scss
2018.08.31 13:53 B C:\Users\BlueWolf\Google Drive\newblue\Cuestionario Inicial\t3\scss\bootstrap\mixins\_transition.scss --> www.bluewolf.com.mx /public_html/cuestionario2/scss/bootstrap/mixins _transition.scss
2018.08.31 13:53 B C:\Users\BlueWolf\Google Drive\newblue\Cuestionario Inicial\t3\scss\bootstrap\mixins\_visibility.scss --> www.bluewolf.com.mx /public_html/cuestionario2/scss/bootstrap/mixins _visibility.scss
2018.08.31 13:53 B C:\Users\BlueWolf\Google Drive\newblue\Cuestionario Inicial\t3\scss\bootstrap\mixins\desktop.ini --> www.bluewolf.com.mx /public_html/cuestionario2/scss/bootstrap/mixins desktop.ini
2018.11.16 09:10 B C:\Users\redkey\Documents\Repositorios\Cuestionario2\scss\bootstrap\mixins\WS_FTP.LOG <-- bluewolf BLUEHOST /public_html/cuestionario2/scss/bootstrap/mixins WS_FTP.LOG
