2018.08.31 13:53 B C:\Users\BlueWolf\Google Drive\newblue\Cuestionario Inicial\t3\scss\bootstrap\_alert.scss --> www.bluewolf.com.mx /public_html/cuestionario2/scss/bootstrap _alert.scss
2018.08.31 13:53 B C:\Users\BlueWolf\Google Drive\newblue\Cuestionario Inicial\t3\scss\bootstrap\_badge.scss --> www.bluewolf.com.mx /public_html/cuestionario2/scss/bootstrap _badge.scss
2018.08.31 13:53 B C:\Users\BlueWolf\Google Drive\newblue\Cuestionario Inicial\t3\scss\bootstrap\_breadcrumb.scss --> www.bluewolf.com.mx /public_html/cuestionario2/scss/bootstrap _breadcrumb.scss
2018.08.31 13:53 B C:\Users\BlueWolf\Google Drive\newblue\Cuestionario Inicial\t3\scss\bootstrap\_button-group.scss --> www.bluewolf.com.mx /public_html/cuestionario2/scss/bootstrap _button-group.scss
2018.08.31 13:53 B C:\Users\BlueWolf\Google Drive\newblue\Cuestionario Inicial\t3\scss\bootstrap\_buttons.scss --> www.bluewolf.com.mx /public_html/cuestionario2/scss/bootstrap _buttons.scss
2018.08.31 13:53 B C:\Users\BlueWolf\Google Drive\newblue\Cuestionario Inicial\t3\scss\bootstrap\_card.scss --> www.bluewolf.com.mx /public_html/cuestionario2/scss/bootstrap _card.scss
2018.08.31 13:53 B C:\Users\BlueWolf\Google Drive\newblue\Cuestionario Inicial\t3\scss\bootstrap\_close.scss --> www.bluewolf.com.mx /public_html/cuestionario2/scss/bootstrap _close.scss
2018.08.31 13:53 B C:\Users\BlueWolf\Google Drive\newblue\Cuestionario Inicial\t3\scss\bootstrap\_code.scss --> www.bluewolf.com.mx /public_html/cuestionario2/scss/bootstrap _code.scss
2018.08.31 13:53 B C:\Users\BlueWolf\Google Drive\newblue\Cuestionario Inicial\t3\scss\bootstrap\_custom-forms.scss --> www.bluewolf.com.mx /public_html/cuestionario2/scss/bootstrap _custom-forms.scss
2018.08.31 13:53 B C:\Users\BlueWolf\Google Drive\newblue\Cuestionario Inicial\t3\scss\bootstrap\_dropdown.scss --> www.bluewolf.com.mx /public_html/cuestionario2/scss/bootstrap _dropdown.scss
2018.08.31 13:53 B C:\Users\BlueWolf\Google Drive\newblue\Cuestionario Inicial\t3\scss\bootstrap\_forms.scss --> www.bluewolf.com.mx /public_html/cuestionario2/scss/bootstrap _forms.scss
2018.08.31 13:53 B C:\Users\BlueWolf\Google Drive\newblue\Cuestionario Inicial\t3\scss\bootstrap\_functions.scss --> www.bluewolf.com.mx /public_html/cuestionario2/scss/bootstrap _functions.scss
2018.08.31 13:53 B C:\Users\BlueWolf\Google Drive\newblue\Cuestionario Inicial\t3\scss\bootstrap\_grid.scss --> www.bluewolf.com.mx /public_html/cuestionario2/scss/bootstrap _grid.scss
2018.08.31 13:53 B C:\Users\BlueWolf\Google Drive\newblue\Cuestionario Inicial\t3\scss\bootstrap\_images.scss --> www.bluewolf.com.mx /public_html/cuestionario2/scss/bootstrap _images.scss
2018.08.31 13:53 B C:\Users\BlueWolf\Google Drive\newblue\Cuestionario Inicial\t3\scss\bootstrap\_input-group.scss --> www.bluewolf.com.mx /public_html/cuestionario2/scss/bootstrap _input-group.scss
2018.08.31 13:53 B C:\Users\BlueWolf\Google Drive\newblue\Cuestionario Inicial\t3\scss\bootstrap\_jumbotron.scss --> www.bluewolf.com.mx /public_html/cuestionario2/scss/bootstrap _jumbotron.scss
2018.08.31 13:53 B C:\Users\BlueWolf\Google Drive\newblue\Cuestionario Inicial\t3\scss\bootstrap\_list-group.scss --> www.bluewolf.com.mx /public_html/cuestionario2/scss/bootstrap _list-group.scss
2018.08.31 13:53 B C:\Users\BlueWolf\Google Drive\newblue\Cuestionario Inicial\t3\scss\bootstrap\_media.scss --> www.bluewolf.com.mx /public_html/cuestionario2/scss/bootstrap _media.scss
2018.08.31 13:53 B C:\Users\BlueWolf\Google Drive\newblue\Cuestionario Inicial\t3\scss\bootstrap\_mixins.scss --> www.bluewolf.com.mx /public_html/cuestionario2/scss/bootstrap _mixins.scss
2018.08.31 13:53 B C:\Users\BlueWolf\Google Drive\newblue\Cuestionario Inicial\t3\scss\bootstrap\_modal.scss --> www.bluewolf.com.mx /public_html/cuestionario2/scss/bootstrap _modal.scss
2018.08.31 13:53 B C:\Users\BlueWolf\Google Drive\newblue\Cuestionario Inicial\t3\scss\bootstrap\_nav.scss --> www.bluewolf.com.mx /public_html/cuestionario2/scss/bootstrap _nav.scss
2018.08.31 13:53 B C:\Users\BlueWolf\Google Drive\newblue\Cuestionario Inicial\t3\scss\bootstrap\_navbar.scss --> www.bluewolf.com.mx /public_html/cuestionario2/scss/bootstrap _navbar.scss
2018.08.31 13:53 B C:\Users\BlueWolf\Google Drive\newblue\Cuestionario Inicial\t3\scss\bootstrap\_pagination.scss --> www.bluewolf.com.mx /public_html/cuestionario2/scss/bootstrap _pagination.scss
2018.08.31 13:53 B C:\Users\BlueWolf\Google Drive\newblue\Cuestionario Inicial\t3\scss\bootstrap\_popover.scss --> www.bluewolf.com.mx /public_html/cuestionario2/scss/bootstrap _popover.scss
2018.08.31 13:53 B C:\Users\BlueWolf\Google Drive\newblue\Cuestionario Inicial\t3\scss\bootstrap\_print.scss --> www.bluewolf.com.mx /public_html/cuestionario2/scss/bootstrap _print.scss
2018.08.31 13:53 B C:\Users\BlueWolf\Google Drive\newblue\Cuestionario Inicial\t3\scss\bootstrap\_progress.scss --> www.bluewolf.com.mx /public_html/cuestionario2/scss/bootstrap _progress.scss
2018.08.31 13:53 B C:\Users\BlueWolf\Google Drive\newblue\Cuestionario Inicial\t3\scss\bootstrap\_reboot.scss --> www.bluewolf.com.mx /public_html/cuestionario2/scss/bootstrap _reboot.scss
2018.08.31 13:53 B C:\Users\BlueWolf\Google Drive\newblue\Cuestionario Inicial\t3\scss\bootstrap\_tables.scss --> www.bluewolf.com.mx /public_html/cuestionario2/scss/bootstrap _tables.scss
2018.08.31 13:53 B C:\Users\BlueWolf\Google Drive\newblue\Cuestionario Inicial\t3\scss\bootstrap\_tooltip.scss --> www.bluewolf.com.mx /public_html/cuestionario2/scss/bootstrap _tooltip.scss
2018.08.31 13:53 B C:\Users\BlueWolf\Google Drive\newblue\Cuestionario Inicial\t3\scss\bootstrap\_transitions.scss --> www.bluewolf.com.mx /public_html/cuestionario2/scss/bootstrap _transitions.scss
2018.08.31 13:53 B C:\Users\BlueWolf\Google Drive\newblue\Cuestionario Inicial\t3\scss\bootstrap\_type.scss --> www.bluewolf.com.mx /public_html/cuestionario2/scss/bootstrap _type.scss
2018.08.31 13:53 B C:\Users\BlueWolf\Google Drive\newblue\Cuestionario Inicial\t3\scss\bootstrap\_utilities.scss --> www.bluewolf.com.mx /public_html/cuestionario2/scss/bootstrap _utilities.scss
2018.08.31 13:53 B C:\Users\BlueWolf\Google Drive\newblue\Cuestionario Inicial\t3\scss\bootstrap\_variables.scss --> www.bluewolf.com.mx /public_html/cuestionario2/scss/bootstrap _variables.scss
2018.08.31 13:53 B C:\Users\BlueWolf\Google Drive\newblue\Cuestionario Inicial\t3\scss\bootstrap\_carousel.scss --> www.bluewolf.com.mx /public_html/cuestionario2/scss/bootstrap _carousel.scss
2018.08.31 13:53 B C:\Users\BlueWolf\Google Drive\newblue\Cuestionario Inicial\t3\scss\bootstrap\.DS_Store --> www.bluewolf.com.mx /public_html/cuestionario2/scss/bootstrap .DS_Store
2018.08.31 13:53 B C:\Users\BlueWolf\Google Drive\newblue\Cuestionario Inicial\t3\scss\bootstrap\desktop.ini --> www.bluewolf.com.mx /public_html/cuestionario2/scss/bootstrap desktop.ini
2018.11.16 09:10 B C:\Users\redkey\Documents\Repositorios\Cuestionario2\scss\bootstrap\WS_FTP.LOG <-- bluewolf BLUEHOST /public_html/cuestionario2/scss/bootstrap WS_FTP.LOG
