2018.11.16 09:09 B C:\Users\redkey\Documents\Repositorios\Cuestionario2\img\.DS_Store <-- bluewolf BLUEHOST /public_html/cuestionario2/img .DS_Store
2018.11.16 09:09 B C:\Users\redkey\Documents\Repositorios\Cuestionario2\img\a.jpg <-- bluewolf BLUEHOST /public_html/cuestionario2/img a.jpg
2018.11.16 09:09 B C:\Users\redkey\Documents\Repositorios\Cuestionario2\img\a2.jpg <-- bluewolf BLUEHOST /public_html/cuestionario2/img a2.jpg
2018.11.16 09:09 B C:\Users\redkey\Documents\Repositorios\Cuestionario2\img\b_borrar.png <-- bluewolf BLUEHOST /public_html/cuestionario2/img b_borrar.png
2018.11.16 09:09 B C:\Users\redkey\Documents\Repositorios\Cuestionario2\img\c-bg.jpg <-- bluewolf BLUEHOST /public_html/cuestionario2/img c-bg.jpg
2018.11.16 09:09 B C:\Users\redkey\Documents\Repositorios\Cuestionario2\img\contact-img.jpg <-- bluewolf BLUEHOST /public_html/cuestionario2/img contact-img.jpg
2018.11.16 09:09 B C:\Users\redkey\Documents\Repositorios\Cuestionario2\img\d.jpg <-- bluewolf BLUEHOST /public_html/cuestionario2/img d.jpg
2018.11.16 09:09 B C:\Users\redkey\Documents\Repositorios\Cuestionario2\img\desktop.ini <-- bluewolf BLUEHOST /public_html/cuestionario2/img desktop.ini
2018.11.16 09:09 B C:\Users\redkey\Documents\Repositorios\Cuestionario2\img\e1.jpg <-- bluewolf BLUEHOST /public_html/cuestionario2/img e1.jpg
2018.11.16 09:09 B C:\Users\redkey\Documents\Repositorios\Cuestionario2\img\f1.jpg <-- bluewolf BLUEHOST /public_html/cuestionario2/img f1.jpg
2018.11.16 09:09 B C:\Users\redkey\Documents\Repositorios\Cuestionario2\img\f2.jpg <-- bluewolf BLUEHOST /public_html/cuestionario2/img f2.jpg
2018.11.16 09:09 B C:\Users\redkey\Documents\Repositorios\Cuestionario2\img\f3.jpg <-- bluewolf BLUEHOST /public_html/cuestionario2/img f3.jpg
2018.11.16 09:09 B C:\Users\redkey\Documents\Repositorios\Cuestionario2\img\f4.jpg <-- bluewolf BLUEHOST /public_html/cuestionario2/img f4.jpg
2018.11.16 09:09 B C:\Users\redkey\Documents\Repositorios\Cuestionario2\img\f5.jpg <-- bluewolf BLUEHOST /public_html/cuestionario2/img f5.jpg
2018.11.16 09:09 B C:\Users\redkey\Documents\Repositorios\Cuestionario2\img\f6.jpg <-- bluewolf BLUEHOST /public_html/cuestionario2/img f6.jpg
2018.11.16 09:09 B C:\Users\redkey\Documents\Repositorios\Cuestionario2\img\f7.jpg <-- bluewolf BLUEHOST /public_html/cuestionario2/img f7.jpg
2018.11.16 09:09 B C:\Users\redkey\Documents\Repositorios\Cuestionario2\img\f8.jpg <-- bluewolf BLUEHOST /public_html/cuestionario2/img f8.jpg
2018.11.16 09:09 B C:\Users\redkey\Documents\Repositorios\Cuestionario2\img\fav.png <-- bluewolf BLUEHOST /public_html/cuestionario2/img fav.png
2018.11.16 09:09 B C:\Users\redkey\Documents\Repositorios\Cuestionario2\img\g1.jpg <-- bluewolf BLUEHOST /public_html/cuestionario2/img g1.jpg
2018.11.16 09:09 B C:\Users\redkey\Documents\Repositorios\Cuestionario2\img\g2.jpg <-- bluewolf BLUEHOST /public_html/cuestionario2/img g2.jpg
2018.11.16 09:09 B C:\Users\redkey\Documents\Repositorios\Cuestionario2\img\g3.jpg <-- bluewolf BLUEHOST /public_html/cuestionario2/img g3.jpg
2018.11.16 09:09 B C:\Users\redkey\Documents\Repositorios\Cuestionario2\img\g4.jpg <-- bluewolf BLUEHOST /public_html/cuestionario2/img g4.jpg
2018.11.16 09:09 B C:\Users\redkey\Documents\Repositorios\Cuestionario2\img\g5.jpg <-- bluewolf BLUEHOST /public_html/cuestionario2/img g5.jpg
2018.11.16 09:09 B C:\Users\redkey\Documents\Repositorios\Cuestionario2\img\g6.jpg <-- bluewolf BLUEHOST /public_html/cuestionario2/img g6.jpg
2018.11.16 09:09 B C:\Users\redkey\Documents\Repositorios\Cuestionario2\img\g7.jpg <-- bluewolf BLUEHOST /public_html/cuestionario2/img g7.jpg
2018.11.16 09:09 B C:\Users\redkey\Documents\Repositorios\Cuestionario2\img\g8.jpg <-- bluewolf BLUEHOST /public_html/cuestionario2/img g8.jpg
2018.11.16 09:09 B C:\Users\redkey\Documents\Repositorios\Cuestionario2\img\header-bg3.jpg <-- bluewolf BLUEHOST /public_html/cuestionario2/img header-bg3.jpg
2018.11.16 09:09 B C:\Users\redkey\Documents\Repositorios\Cuestionario2\img\header-bg5.jpg <-- bluewolf BLUEHOST /public_html/cuestionario2/img header-bg5.jpg
2018.11.16 09:09 B C:\Users\redkey\Documents\Repositorios\Cuestionario2\img\header-bg6.jpg <-- bluewolf BLUEHOST /public_html/cuestionario2/img header-bg6.jpg
2018.11.16 09:09 B C:\Users\redkey\Documents\Repositorios\Cuestionario2\img\i1.jpg <-- bluewolf BLUEHOST /public_html/cuestionario2/img i1.jpg
2018.11.16 09:09 B C:\Users\redkey\Documents\Repositorios\Cuestionario2\img\i2.jpg <-- bluewolf BLUEHOST /public_html/cuestionario2/img i2.jpg
2018.11.16 09:09 B C:\Users\redkey\Documents\Repositorios\Cuestionario2\img\i3.jpg <-- bluewolf BLUEHOST /public_html/cuestionario2/img i3.jpg
2018.11.16 09:09 B C:\Users\redkey\Documents\Repositorios\Cuestionario2\img\i4.jpg <-- bluewolf BLUEHOST /public_html/cuestionario2/img i4.jpg
2018.11.16 09:09 B C:\Users\redkey\Documents\Repositorios\Cuestionario2\img\i5.jpg <-- bluewolf BLUEHOST /public_html/cuestionario2/img i5.jpg
2018.11.16 09:09 B C:\Users\redkey\Documents\Repositorios\Cuestionario2\img\i6.jpg <-- bluewolf BLUEHOST /public_html/cuestionario2/img i6.jpg
2018.11.16 09:09 B C:\Users\redkey\Documents\Repositorios\Cuestionario2\img\i7.jpg <-- bluewolf BLUEHOST /public_html/cuestionario2/img i7.jpg
2018.11.16 09:09 B C:\Users\redkey\Documents\Repositorios\Cuestionario2\img\i8.jpg <-- bluewolf BLUEHOST /public_html/cuestionario2/img i8.jpg
2018.11.16 09:09 B C:\Users\redkey\Documents\Repositorios\Cuestionario2\img\logo.png <-- bluewolf BLUEHOST /public_html/cuestionario2/img logo.png
2018.11.16 09:09 B C:\Users\redkey\Documents\Repositorios\Cuestionario2\img\logo2.png <-- bluewolf BLUEHOST /public_html/cuestionario2/img logo2.png
2018.11.16 09:09 B C:\Users\redkey\Documents\Repositorios\Cuestionario2\img\logo3.png <-- bluewolf BLUEHOST /public_html/cuestionario2/img logo3.png
2018.11.16 09:09 B C:\Users\redkey\Documents\Repositorios\Cuestionario2\img\logo33-s.png <-- bluewolf BLUEHOST /public_html/cuestionario2/img logo33-s.png
2018.11.16 09:09 B C:\Users\redkey\Documents\Repositorios\Cuestionario2\img\play-btn.png <-- bluewolf BLUEHOST /public_html/cuestionario2/img play-btn.png
2018.11.16 09:09 B C:\Users\redkey\Documents\Repositorios\Cuestionario2\img\slider.jpg <-- bluewolf BLUEHOST /public_html/cuestionario2/img slider.jpg
2018.11.16 09:10 B C:\Users\redkey\Documents\Repositorios\Cuestionario2\img\sub.jpg <-- bluewolf BLUEHOST /public_html/cuestionario2/img sub.jpg
2018.11.16 09:10 B C:\Users\redkey\Documents\Repositorios\Cuestionario2\img\video-bg.jpg <-- bluewolf BLUEHOST /public_html/cuestionario2/img video-bg.jpg
